<?xml version="1.0" encoding="UTF-8"?>
<testsuites name="TS_Home" time="187" tests="3" failures="0" errors="0">
   <testsuite name="TS_Home" tests="3" failures="0" errors="0" time="187" timestamp="2018-02-08 11:31:54" hostname="iDolphinz - DESKTOP-HF6P904" id="Test Suites/Home/TS_Home">
      <properties>
         <property name="deviceName" value="unknown Google Nexus 5 - 5.1.0 - API 22 - 1080x1920 (Android 5.1)"/>
         <property name="devicePlatform" value=""/>
         <property name="logFolder" value="C:\\Users\\iDolphinz\\git\\Riderr-Test\\Andriod\\Reports\\Home\\TS_Home\\20180208_113147"/>
         <property name="logFiles" value="C:\\Users\\iDolphinz\\git\\Riderr-Test\\Andriod\\Reports\\Home\\TS_Home\\20180208_113147\\appium.log, C:\\Users\\iDolphinz\\git\\Riderr-Test\\Andriod\\Reports\\Home\\TS_Home\\20180208_113147\\execution0.log"/>
         <property name="attachments" value=""/>
         <property name="hostName" value="iDolphinz - DESKTOP-HF6P904"/>
         <property name="os" value="Windows 10 64bit"/>
         <property name="katalonVersion" value="5.3.0.1"/>
         <property name="deviceOS" value="Android"/>
         <property name="appiumVersion" value="1.7.2"/>
         <property name="deviceModel" value="Google Nexus 5 - 5.1.0 - API 22 - 1080x1920"/>
         <property name="hostAddress" value="192.168.29.2"/>
         <property name="deviceManufacturer" value="unknown"/>
         <property name="deviceId" value="192.168.29.101:5555"/>
         <property name="deviceName" value="unknown Google Nexus 5 - 5.1.0 - API 22 - 1080x1920 (Android 5.1)"/>
         <property name="deviceOSVersion" value="5.1"/>
      </properties>
      <testcase name="Test Cases/Home/HomeMain01" classname="Test Cases/Home/HomeMain01" status="PASSED">
         <system-out><![CDATA[2018-02-08 11:31:55 - [TEST_CASE][PASSED] - Test Cases/Home/HomeMain01: Test Cases/Home/HomeMain01

2018-02-08 11:31:55 - [TEST_STEP][PASSED] - startApplication: Started app at: 'C:\Users\iDolphinz\git\Riderr-Test\Andriod\APK\riderr.apk'

2018-02-08 11:32:16 - [MESSAGE][PASSED] - Started app at: 'C:\Users\iDolphinz\git\Riderr-Test\Andriod\APK\riderr.apk'

2018-02-08 11:32:16 - [TEST_STEP][PASSED] - waitForElementPresent: Element 'Object Repository/HOME_PAGE/gotoNavbar' is present

2018-02-08 11:32:16 - [MESSAGE][WARNING] - Timeout '0' is invalid. Using default page load timeout: '30'

2018-02-08 11:32:19 - [MESSAGE][PASSED] - Element 'Object Repository/HOME_PAGE/gotoNavbar' is present

2018-02-08 11:32:19 - [TEST_STEP][PASSED] - tap: Tapped on element 'Object Repository/HOME_PAGE/gotoNavbar'

2018-02-08 11:32:19 - [MESSAGE][WARNING] - Timeout '0' is invalid. Using default page load timeout: '30'

2018-02-08 11:32:20 - [MESSAGE][PASSED] - Tapped on element 'Object Repository/HOME_PAGE/gotoNavbar'

2018-02-08 11:32:20 - [TEST_STEP][PASSED] - waitForElementPresent: Element 'Object Repository/INSIDE_NAVBAR/navbarExpert' is present

2018-02-08 11:32:20 - [MESSAGE][WARNING] - Timeout '0' is invalid. Using default page load timeout: '30'

2018-02-08 11:32:21 - [MESSAGE][PASSED] - Element 'Object Repository/INSIDE_NAVBAR/navbarExpert' is present

2018-02-08 11:32:21 - [TEST_STEP][PASSED] - tap: Tapped on element 'Object Repository/INSIDE_NAVBAR/navbarExpert'

2018-02-08 11:32:21 - [MESSAGE][WARNING] - Timeout '0' is invalid. Using default page load timeout: '30'

2018-02-08 11:32:22 - [MESSAGE][PASSED] - Tapped on element 'Object Repository/INSIDE_NAVBAR/navbarExpert'

2018-02-08 11:32:22 - [TEST_STEP][PASSED] - waitForElementPresent: Element 'Object Repository/EXPERT_PAGE/gotoNavbar' is present

2018-02-08 11:32:22 - [MESSAGE][WARNING] - Timeout '0' is invalid. Using default page load timeout: '30'

2018-02-08 11:32:23 - [MESSAGE][PASSED] - Element 'Object Repository/EXPERT_PAGE/gotoNavbar' is present

2018-02-08 11:32:23 - [TEST_STEP][PASSED] - tap: Tapped on element 'Object Repository/EXPERT_PAGE/gotoNavbar'

2018-02-08 11:32:23 - [MESSAGE][WARNING] - Timeout '0' is invalid. Using default page load timeout: '30'

2018-02-08 11:32:24 - [MESSAGE][PASSED] - Tapped on element 'Object Repository/EXPERT_PAGE/gotoNavbar'

2018-02-08 11:32:24 - [TEST_STEP][PASSED] - waitForElementPresent: Element 'Object Repository/INSIDE_NAVBAR/navbarContest' is present

2018-02-08 11:32:24 - [MESSAGE][WARNING] - Timeout '0' is invalid. Using default page load timeout: '30'

2018-02-08 11:32:25 - [MESSAGE][PASSED] - Element 'Object Repository/INSIDE_NAVBAR/navbarContest' is present

2018-02-08 11:32:25 - [TEST_STEP][PASSED] - tap: Tapped on element 'Object Repository/INSIDE_NAVBAR/navbarContest'

2018-02-08 11:32:25 - [MESSAGE][WARNING] - Timeout '0' is invalid. Using default page load timeout: '30'

2018-02-08 11:32:26 - [MESSAGE][PASSED] - Tapped on element 'Object Repository/INSIDE_NAVBAR/navbarContest'

2018-02-08 11:32:26 - [TEST_STEP][PASSED] - waitForElementPresent: Element 'Object Repository/CONTEST_PAGE/gotoNavbar' is present

2018-02-08 11:32:26 - [MESSAGE][WARNING] - Timeout '0' is invalid. Using default page load timeout: '30'

2018-02-08 11:32:27 - [MESSAGE][PASSED] - Element 'Object Repository/CONTEST_PAGE/gotoNavbar' is present

2018-02-08 11:32:27 - [TEST_STEP][PASSED] - tap: Tapped on element 'Object Repository/CONTEST_PAGE/gotoNavbar'

2018-02-08 11:32:27 - [MESSAGE][WARNING] - Timeout '0' is invalid. Using default page load timeout: '30'

2018-02-08 11:32:27 - [MESSAGE][PASSED] - Tapped on element 'Object Repository/CONTEST_PAGE/gotoNavbar'

2018-02-08 11:32:27 - [TEST_STEP][PASSED] - waitForElementPresent: Element 'Object Repository/INSIDE_NAVBAR/navbarEvent' is present

2018-02-08 11:32:27 - [MESSAGE][WARNING] - Timeout '0' is invalid. Using default page load timeout: '30'

2018-02-08 11:32:28 - [MESSAGE][PASSED] - Element 'Object Repository/INSIDE_NAVBAR/navbarEvent' is present

2018-02-08 11:32:28 - [TEST_STEP][PASSED] - tap: Tapped on element 'Object Repository/INSIDE_NAVBAR/navbarEvent'

2018-02-08 11:32:28 - [MESSAGE][WARNING] - Timeout '0' is invalid. Using default page load timeout: '30'

2018-02-08 11:32:29 - [MESSAGE][PASSED] - Tapped on element 'Object Repository/INSIDE_NAVBAR/navbarEvent'

2018-02-08 11:32:29 - [TEST_STEP][PASSED] - waitForElementPresent: Element 'Object Repository/EVENT_PAGE/gotoNavbar' is present

2018-02-08 11:32:29 - [MESSAGE][WARNING] - Timeout '0' is invalid. Using default page load timeout: '30'

2018-02-08 11:32:30 - [MESSAGE][PASSED] - Element 'Object Repository/EVENT_PAGE/gotoNavbar' is present

2018-02-08 11:32:30 - [TEST_STEP][PASSED] - tap: Tapped on element 'Object Repository/EVENT_PAGE/gotoNavbar'

2018-02-08 11:32:30 - [MESSAGE][WARNING] - Timeout '0' is invalid. Using default page load timeout: '30'

2018-02-08 11:32:31 - [MESSAGE][PASSED] - Tapped on element 'Object Repository/EVENT_PAGE/gotoNavbar'

2018-02-08 11:32:31 - [TEST_STEP][PASSED] - waitForElementPresent: Element 'Object Repository/INSIDE_NAVBAR/navbarBlog' is present

2018-02-08 11:32:31 - [MESSAGE][WARNING] - Timeout '0' is invalid. Using default page load timeout: '30'

2018-02-08 11:32:32 - [MESSAGE][PASSED] - Element 'Object Repository/INSIDE_NAVBAR/navbarBlog' is present

2018-02-08 11:32:32 - [TEST_STEP][PASSED] - tap: Tapped on element 'Object Repository/INSIDE_NAVBAR/navbarBlog'

2018-02-08 11:32:32 - [MESSAGE][WARNING] - Timeout '0' is invalid. Using default page load timeout: '30'

2018-02-08 11:32:33 - [MESSAGE][PASSED] - Tapped on element 'Object Repository/INSIDE_NAVBAR/navbarBlog'

2018-02-08 11:32:33 - [TEST_STEP][PASSED] - waitForElementPresent: Element 'Object Repository/BLOG_PAGE/gotoNavbar' is present

2018-02-08 11:32:33 - [MESSAGE][WARNING] - Timeout '0' is invalid. Using default page load timeout: '30'

2018-02-08 11:32:34 - [MESSAGE][PASSED] - Element 'Object Repository/BLOG_PAGE/gotoNavbar' is present

2018-02-08 11:32:34 - [TEST_STEP][PASSED] - tap: Tapped on element 'Object Repository/BLOG_PAGE/gotoNavbar'

2018-02-08 11:32:34 - [MESSAGE][WARNING] - Timeout '0' is invalid. Using default page load timeout: '30'

2018-02-08 11:32:35 - [MESSAGE][PASSED] - Tapped on element 'Object Repository/BLOG_PAGE/gotoNavbar'

2018-02-08 11:32:35 - [TEST_STEP][PASSED] - waitForElementPresent: Element 'Object Repository/INSIDE_NAVBAR/navbarHome' is present

2018-02-08 11:32:35 - [MESSAGE][WARNING] - Timeout '0' is invalid. Using default page load timeout: '30'

2018-02-08 11:32:36 - [MESSAGE][PASSED] - Element 'Object Repository/INSIDE_NAVBAR/navbarHome' is present

2018-02-08 11:32:36 - [TEST_STEP][PASSED] - tap: Tapped on element 'Object Repository/INSIDE_NAVBAR/navbarHome'

2018-02-08 11:32:36 - [MESSAGE][WARNING] - Timeout '0' is invalid. Using default page load timeout: '30'

2018-02-08 11:32:36 - [MESSAGE][PASSED] - Tapped on element 'Object Repository/INSIDE_NAVBAR/navbarHome'

2018-02-08 11:32:36 - [TEST_STEP][PASSED] - waitForElementPresent: Element 'Object Repository/HOME_PAGE/gotoNavbar' is present

2018-02-08 11:32:36 - [MESSAGE][WARNING] - Timeout '0' is invalid. Using default page load timeout: '30'

2018-02-08 11:32:38 - [MESSAGE][PASSED] - Element 'Object Repository/HOME_PAGE/gotoNavbar' is present

2018-02-08 11:32:38 - [TEST_STEP][PASSED] - tap: Tapped on element 'Object Repository/HOME_PAGE/gotoNavbar'

2018-02-08 11:32:38 - [MESSAGE][WARNING] - Timeout '0' is invalid. Using default page load timeout: '30'

2018-02-08 11:32:39 - [MESSAGE][PASSED] - Tapped on element 'Object Repository/HOME_PAGE/gotoNavbar'

2018-02-08 11:32:39 - [TEST_STEP][PASSED] - waitForElementPresent: Element 'Object Repository/INSIDE_NAVBAR/navbarLogin' is present

2018-02-08 11:32:39 - [MESSAGE][WARNING] - Timeout '0' is invalid. Using default page load timeout: '30'

2018-02-08 11:32:40 - [MESSAGE][PASSED] - Element 'Object Repository/INSIDE_NAVBAR/navbarLogin' is present

2018-02-08 11:32:40 - [TEST_STEP][PASSED] - delay: Delayed 2 second(s)

2018-02-08 11:32:42 - [MESSAGE][PASSED] - Delayed 2 second(s)

2018-02-08 11:32:42 - [TEST_STEP][PASSED] - closeApplication: Close app successfully

2018-02-08 11:32:45 - [MESSAGE][PASSED] - Close app successfully]]></system-out>
         <system-err><![CDATA[]]></system-err>
      </testcase>
      <testcase name="Test Cases/Home/HomeMain02" classname="Test Cases/Home/HomeMain02" status="PASSED">
         <system-out><![CDATA[2018-02-08 11:32:45 - [TEST_CASE][PASSED] - Test Cases/Home/HomeMain02: Test Cases/Home/HomeMain02

2018-02-08 11:32:45 - [TEST_STEP][PASSED] - startApplication: Started app at: 'C:\Users\iDolphinz\git\Riderr-Test\Andriod\APK\riderr.apk'

2018-02-08 11:33:05 - [MESSAGE][PASSED] - Started app at: 'C:\Users\iDolphinz\git\Riderr-Test\Andriod\APK\riderr.apk'

2018-02-08 11:33:05 - [TEST_STEP][PASSED] - waitForElementPresent: Element 'Object Repository/HOME_PAGE/gotoNavbar' is present

2018-02-08 11:33:05 - [MESSAGE][WARNING] - Timeout '0' is invalid. Using default page load timeout: '30'

2018-02-08 11:33:09 - [MESSAGE][PASSED] - Element 'Object Repository/HOME_PAGE/gotoNavbar' is present

2018-02-08 11:33:09 - [TEST_STEP][PASSED] - tap: Tapped on element 'Object Repository/HOME_PAGE/gotoNavbar'

2018-02-08 11:33:09 - [MESSAGE][WARNING] - Timeout '0' is invalid. Using default page load timeout: '30'

2018-02-08 11:33:09 - [MESSAGE][PASSED] - Tapped on element 'Object Repository/HOME_PAGE/gotoNavbar'

2018-02-08 11:33:09 - [TEST_STEP][PASSED] - waitForElementPresent: Element 'Object Repository/INSIDE_NAVBAR/navbarLogin' is present

2018-02-08 11:33:09 - [MESSAGE][WARNING] - Timeout '0' is invalid. Using default page load timeout: '30'

2018-02-08 11:33:10 - [MESSAGE][PASSED] - Element 'Object Repository/INSIDE_NAVBAR/navbarLogin' is present

2018-02-08 11:33:10 - [TEST_STEP][PASSED] - tap: Tapped on element 'Object Repository/INSIDE_NAVBAR/navbarLogin'

2018-02-08 11:33:10 - [MESSAGE][WARNING] - Timeout '0' is invalid. Using default page load timeout: '30'

2018-02-08 11:33:11 - [MESSAGE][PASSED] - Tapped on element 'Object Repository/INSIDE_NAVBAR/navbarLogin'

2018-02-08 11:33:11 - [TEST_STEP][PASSED] - waitForElementPresent: Element 'Object Repository/LOGINPAGE/edt/edt Email Address' is present

2018-02-08 11:33:11 - [MESSAGE][WARNING] - Timeout '0' is invalid. Using default page load timeout: '30'

2018-02-08 11:33:13 - [MESSAGE][PASSED] - Element 'Object Repository/LOGINPAGE/edt/edt Email Address' is present

2018-02-08 11:33:13 - [TEST_STEP][PASSED] - setText: Text 'psgolf11@gmail.com' has been set to element 'Object Repository/LOGINPAGE/edt/edt Email Address'

2018-02-08 11:33:13 - [MESSAGE][WARNING] - Timeout '0' is invalid. Using default page load timeout: '30'

2018-02-08 11:33:22 - [MESSAGE][PASSED] - Text 'psgolf11@gmail.com' has been set to element 'Object Repository/LOGINPAGE/edt/edt Email Address'

2018-02-08 11:33:22 - [TEST_STEP][PASSED] - waitForElementPresent: Element 'Object Repository/LOGINPAGE/edt/edt Password' is present

2018-02-08 11:33:22 - [MESSAGE][WARNING] - Timeout '0' is invalid. Using default page load timeout: '30'

2018-02-08 11:33:22 - [MESSAGE][PASSED] - Element 'Object Repository/LOGINPAGE/edt/edt Password' is present

2018-02-08 11:33:22 - [TEST_STEP][PASSED] - setText: Text '123123' has been set to element 'Object Repository/LOGINPAGE/edt/edt Password'

2018-02-08 11:33:22 - [MESSAGE][WARNING] - Timeout '0' is invalid. Using default page load timeout: '30'

2018-02-08 11:33:29 - [MESSAGE][PASSED] - Text '123123' has been set to element 'Object Repository/LOGINPAGE/edt/edt Password'

2018-02-08 11:33:29 - [TEST_STEP][PASSED] - waitForElementPresent: Element 'Object Repository/LOGINPAGE/btn/btn Log In' is present

2018-02-08 11:33:29 - [MESSAGE][WARNING] - Timeout '0' is invalid. Using default page load timeout: '30'

2018-02-08 11:33:30 - [MESSAGE][PASSED] - Element 'Object Repository/LOGINPAGE/btn/btn Log In' is present

2018-02-08 11:33:30 - [TEST_STEP][PASSED] - tap: Tapped on element 'Object Repository/LOGINPAGE/btn/btn Log In'

2018-02-08 11:33:30 - [MESSAGE][WARNING] - Timeout '0' is invalid. Using default page load timeout: '30'

2018-02-08 11:33:30 - [MESSAGE][PASSED] - Tapped on element 'Object Repository/LOGINPAGE/btn/btn Log In'

2018-02-08 11:33:30 - [TEST_STEP][PASSED] - waitForElementPresent: Element 'Object Repository/HOME_PAGE/gotoNavbar' is present

2018-02-08 11:33:30 - [MESSAGE][WARNING] - Timeout '0' is invalid. Using default page load timeout: '30'

2018-02-08 11:33:31 - [MESSAGE][PASSED] - Element 'Object Repository/HOME_PAGE/gotoNavbar' is present

2018-02-08 11:33:31 - [TEST_STEP][PASSED] - tap: Tapped on element 'Object Repository/HOME_PAGE/gotoNavbar'

2018-02-08 11:33:31 - [MESSAGE][WARNING] - Timeout '0' is invalid. Using default page load timeout: '30'

2018-02-08 11:33:33 - [MESSAGE][PASSED] - Tapped on element 'Object Repository/HOME_PAGE/gotoNavbar'

2018-02-08 11:33:33 - [TEST_STEP][PASSED] - waitForElementPresent: Element 'Object Repository/INSIDE_NAVBAR/navbarEvent' is present

2018-02-08 11:33:33 - [MESSAGE][WARNING] - Timeout '0' is invalid. Using default page load timeout: '30'

2018-02-08 11:33:35 - [MESSAGE][PASSED] - Element 'Object Repository/INSIDE_NAVBAR/navbarEvent' is present

2018-02-08 11:33:35 - [TEST_STEP][PASSED] - tap: Tapped on element 'Object Repository/INSIDE_NAVBAR/navbarEvent'

2018-02-08 11:33:35 - [MESSAGE][WARNING] - Timeout '0' is invalid. Using default page load timeout: '30'

2018-02-08 11:33:36 - [MESSAGE][PASSED] - Tapped on element 'Object Repository/INSIDE_NAVBAR/navbarEvent'

2018-02-08 11:33:36 - [TEST_STEP][PASSED] - waitForElementPresent: Element 'Object Repository/EVENT_PAGE/gotoNavbar' is present

2018-02-08 11:33:36 - [MESSAGE][WARNING] - Timeout '0' is invalid. Using default page load timeout: '30'

2018-02-08 11:33:37 - [MESSAGE][PASSED] - Element 'Object Repository/EVENT_PAGE/gotoNavbar' is present

2018-02-08 11:33:37 - [TEST_STEP][PASSED] - tap: Tapped on element 'Object Repository/EVENT_PAGE/gotoNavbar'

2018-02-08 11:33:37 - [MESSAGE][WARNING] - Timeout '0' is invalid. Using default page load timeout: '30'

2018-02-08 11:33:38 - [MESSAGE][PASSED] - Tapped on element 'Object Repository/EVENT_PAGE/gotoNavbar'

2018-02-08 11:33:38 - [TEST_STEP][PASSED] - scrollToText: Scrolling to text 'Log out' successfully

2018-02-08 11:33:44 - [MESSAGE][PASSED] - Scrolling to text 'Log out' successfully

2018-02-08 11:33:44 - [TEST_STEP][PASSED] - waitForElementPresent: Element 'Object Repository/INSIDE_NAVBAR/navbarLogout' is present

2018-02-08 11:33:44 - [MESSAGE][WARNING] - Timeout '0' is invalid. Using default page load timeout: '30'

2018-02-08 11:33:45 - [MESSAGE][PASSED] - Element 'Object Repository/INSIDE_NAVBAR/navbarLogout' is present

2018-02-08 11:33:45 - [TEST_STEP][PASSED] - tap: Tapped on element 'Object Repository/INSIDE_NAVBAR/navbarLogout'

2018-02-08 11:33:45 - [MESSAGE][WARNING] - Timeout '0' is invalid. Using default page load timeout: '30'

2018-02-08 11:33:45 - [MESSAGE][PASSED] - Tapped on element 'Object Repository/INSIDE_NAVBAR/navbarLogout'

2018-02-08 11:33:45 - [TEST_STEP][PASSED] - waitForElementPresent: Element 'Object Repository/INSIDE_NAVBAR/LOGOUT/btn OK' is present

2018-02-08 11:33:45 - [MESSAGE][WARNING] - Timeout '0' is invalid. Using default page load timeout: '30'

2018-02-08 11:33:46 - [MESSAGE][PASSED] - Element 'Object Repository/INSIDE_NAVBAR/LOGOUT/btn OK' is present

2018-02-08 11:33:46 - [TEST_STEP][PASSED] - tap: Tapped on element 'Object Repository/INSIDE_NAVBAR/LOGOUT/btn OK'

2018-02-08 11:33:46 - [MESSAGE][WARNING] - Timeout '0' is invalid. Using default page load timeout: '30'

2018-02-08 11:33:47 - [MESSAGE][PASSED] - Tapped on element 'Object Repository/INSIDE_NAVBAR/LOGOUT/btn OK'

2018-02-08 11:33:47 - [TEST_STEP][PASSED] - scrollToText: Scrolling to text 'Home' successfully

2018-02-08 11:33:49 - [MESSAGE][PASSED] - Scrolling to text 'Home' successfully

2018-02-08 11:33:49 - [TEST_STEP][PASSED] - waitForElementPresent: Element 'Object Repository/HOME_PAGE/gotoNavbar' is present

2018-02-08 11:33:49 - [MESSAGE][WARNING] - Timeout '0' is invalid. Using default page load timeout: '30'

2018-02-08 11:33:50 - [MESSAGE][PASSED] - Element 'Object Repository/HOME_PAGE/gotoNavbar' is present

2018-02-08 11:33:50 - [TEST_STEP][PASSED] - tap: Tapped on element 'Object Repository/HOME_PAGE/gotoNavbar'

2018-02-08 11:33:50 - [MESSAGE][WARNING] - Timeout '0' is invalid. Using default page load timeout: '30'

2018-02-08 11:33:50 - [MESSAGE][PASSED] - Tapped on element 'Object Repository/HOME_PAGE/gotoNavbar'

2018-02-08 11:33:50 - [TEST_STEP][PASSED] - waitForElementPresent: Element 'Object Repository/INSIDE_NAVBAR/navbarLogin' is present

2018-02-08 11:33:50 - [MESSAGE][WARNING] - Timeout '0' is invalid. Using default page load timeout: '30'

2018-02-08 11:33:51 - [MESSAGE][PASSED] - Element 'Object Repository/INSIDE_NAVBAR/navbarLogin' is present

2018-02-08 11:33:51 - [TEST_STEP][PASSED] - delay: Delayed 2 second(s)

2018-02-08 11:33:53 - [MESSAGE][PASSED] - Delayed 2 second(s)

2018-02-08 11:33:53 - [TEST_STEP][PASSED] - closeApplication: Close app successfully

2018-02-08 11:33:55 - [MESSAGE][PASSED] - Close app successfully]]></system-out>
         <system-err><![CDATA[]]></system-err>
      </testcase>
      <testcase name="Test Cases/Home/HomeMain03" classname="Test Cases/Home/HomeMain03" status="PASSED">
         <system-out><![CDATA[2018-02-08 11:33:55 - [TEST_CASE][PASSED] - Test Cases/Home/HomeMain03: Test Cases/Home/HomeMain03

2018-02-08 11:33:56 - [TEST_STEP][PASSED] - startApplication: Started app at: 'C:\Users\iDolphinz\git\Riderr-Test\Andriod\APK\riderr.apk'

2018-02-08 11:34:24 - [MESSAGE][PASSED] - Started app at: 'C:\Users\iDolphinz\git\Riderr-Test\Andriod\APK\riderr.apk'

2018-02-08 11:34:24 - [TEST_STEP][PASSED] - waitForElementPresent: Element 'Object Repository/HOME_PAGE/gotoNavbar' is present

2018-02-08 11:34:24 - [MESSAGE][WARNING] - Timeout '0' is invalid. Using default page load timeout: '30'

2018-02-08 11:34:26 - [MESSAGE][PASSED] - Element 'Object Repository/HOME_PAGE/gotoNavbar' is present

2018-02-08 11:34:26 - [TEST_STEP][PASSED] - tap: Tapped on element 'Object Repository/HOME_PAGE/gotoNavbar'

2018-02-08 11:34:26 - [MESSAGE][WARNING] - Timeout '0' is invalid. Using default page load timeout: '30'

2018-02-08 11:34:27 - [MESSAGE][PASSED] - Tapped on element 'Object Repository/HOME_PAGE/gotoNavbar'

2018-02-08 11:34:27 - [TEST_STEP][PASSED] - waitForElementPresent: Element 'Object Repository/INSIDE_NAVBAR/navbarEvent' is present

2018-02-08 11:34:27 - [MESSAGE][WARNING] - Timeout '0' is invalid. Using default page load timeout: '30'

2018-02-08 11:34:28 - [MESSAGE][PASSED] - Element 'Object Repository/INSIDE_NAVBAR/navbarEvent' is present

2018-02-08 11:34:28 - [TEST_STEP][PASSED] - tap: Tapped on element 'Object Repository/INSIDE_NAVBAR/navbarEvent'

2018-02-08 11:34:28 - [MESSAGE][WARNING] - Timeout '0' is invalid. Using default page load timeout: '30'

2018-02-08 11:34:29 - [MESSAGE][PASSED] - Tapped on element 'Object Repository/INSIDE_NAVBAR/navbarEvent'

2018-02-08 11:34:29 - [TEST_STEP][PASSED] - waitForElementPresent: Element 'Object Repository/EVENT_PAGE/gotoNavbar' is present

2018-02-08 11:34:29 - [MESSAGE][WARNING] - Timeout '0' is invalid. Using default page load timeout: '30'

2018-02-08 11:34:31 - [MESSAGE][PASSED] - Element 'Object Repository/EVENT_PAGE/gotoNavbar' is present

2018-02-08 11:34:31 - [TEST_STEP][PASSED] - tap: Tapped on element 'Object Repository/EVENT_PAGE/gotoNavbar'

2018-02-08 11:34:31 - [MESSAGE][WARNING] - Timeout '0' is invalid. Using default page load timeout: '30'

2018-02-08 11:34:31 - [MESSAGE][PASSED] - Tapped on element 'Object Repository/EVENT_PAGE/gotoNavbar'

2018-02-08 11:34:31 - [TEST_STEP][PASSED] - waitForElementPresent: Element 'Object Repository/INSIDE_NAVBAR/navbarLogin' is present

2018-02-08 11:34:31 - [MESSAGE][WARNING] - Timeout '0' is invalid. Using default page load timeout: '30'

2018-02-08 11:34:32 - [MESSAGE][PASSED] - Element 'Object Repository/INSIDE_NAVBAR/navbarLogin' is present

2018-02-08 11:34:32 - [TEST_STEP][PASSED] - tap: Tapped on element 'Object Repository/INSIDE_NAVBAR/navbarLogin'

2018-02-08 11:34:32 - [MESSAGE][WARNING] - Timeout '0' is invalid. Using default page load timeout: '30'

2018-02-08 11:34:33 - [MESSAGE][PASSED] - Tapped on element 'Object Repository/INSIDE_NAVBAR/navbarLogin'

2018-02-08 11:34:33 - [TEST_STEP][PASSED] - waitForElementPresent: Element 'Object Repository/LOGINPAGE/edt/edt Email Address' is present

2018-02-08 11:34:33 - [MESSAGE][WARNING] - Timeout '0' is invalid. Using default page load timeout: '30'

2018-02-08 11:34:34 - [MESSAGE][PASSED] - Element 'Object Repository/LOGINPAGE/edt/edt Email Address' is present

2018-02-08 11:34:34 - [TEST_STEP][PASSED] - setText: Text 'psgolf11@gmail.com' has been set to element 'Object Repository/LOGINPAGE/edt/edt Email Address'

2018-02-08 11:34:34 - [MESSAGE][WARNING] - Timeout '0' is invalid. Using default page load timeout: '30'

2018-02-08 11:34:43 - [MESSAGE][PASSED] - Text 'psgolf11@gmail.com' has been set to element 'Object Repository/LOGINPAGE/edt/edt Email Address'

2018-02-08 11:34:43 - [TEST_STEP][PASSED] - waitForElementPresent: Element 'Object Repository/LOGINPAGE/edt/edt Password' is present

2018-02-08 11:34:43 - [MESSAGE][WARNING] - Timeout '0' is invalid. Using default page load timeout: '30'

2018-02-08 11:34:43 - [MESSAGE][PASSED] - Element 'Object Repository/LOGINPAGE/edt/edt Password' is present

2018-02-08 11:34:43 - [TEST_STEP][PASSED] - setText: Text '123123' has been set to element 'Object Repository/LOGINPAGE/edt/edt Password'

2018-02-08 11:34:43 - [MESSAGE][WARNING] - Timeout '0' is invalid. Using default page load timeout: '30'

2018-02-08 11:34:51 - [MESSAGE][PASSED] - Text '123123' has been set to element 'Object Repository/LOGINPAGE/edt/edt Password'

2018-02-08 11:34:51 - [TEST_STEP][PASSED] - waitForElementPresent: Element 'Object Repository/LOGINPAGE/btn/btn Log In' is present

2018-02-08 11:34:51 - [MESSAGE][WARNING] - Timeout '0' is invalid. Using default page load timeout: '30'

2018-02-08 11:34:51 - [MESSAGE][PASSED] - Element 'Object Repository/LOGINPAGE/btn/btn Log In' is present

2018-02-08 11:34:51 - [TEST_STEP][PASSED] - tap: Tapped on element 'Object Repository/LOGINPAGE/btn/btn Log In'

2018-02-08 11:34:51 - [MESSAGE][WARNING] - Timeout '0' is invalid. Using default page load timeout: '30'

2018-02-08 11:34:52 - [MESSAGE][PASSED] - Tapped on element 'Object Repository/LOGINPAGE/btn/btn Log In'

2018-02-08 11:34:52 - [TEST_STEP][PASSED] - scrollToText: Scrolling to text 'Home' successfully

2018-02-08 11:34:54 - [MESSAGE][PASSED] - Scrolling to text 'Home' successfully

2018-02-08 11:34:55 - [TEST_STEP][PASSED] - waitForElementPresent: Element 'Object Repository/HOME_PAGE/gotoNavbar' is present

2018-02-08 11:34:55 - [MESSAGE][WARNING] - Timeout '0' is invalid. Using default page load timeout: '30'

2018-02-08 11:34:55 - [MESSAGE][PASSED] - Element 'Object Repository/HOME_PAGE/gotoNavbar' is present

2018-02-08 11:34:55 - [TEST_STEP][PASSED] - delay: Delayed 2 second(s)

2018-02-08 11:34:57 - [MESSAGE][PASSED] - Delayed 2 second(s)

2018-02-08 11:34:57 - [TEST_STEP][PASSED] - closeApplication: Close app successfully

2018-02-08 11:35:02 - [MESSAGE][PASSED] - Close app successfully]]></system-out>
         <system-err><![CDATA[]]></system-err>
      </testcase>
      <system-out><![CDATA[2018-02-08 11:31:54 - [TEST_SUITE][PASSED] - TS_Home: Test Cases/Home/HomeMain03]]></system-out>
      <system-err><![CDATA[]]></system-err>
   </testsuite>
</testsuites>
