<?xml version="1.0" encoding="UTF-8"?>
<testsuites name="TS_Register with E-mail" time="386" tests="5" failures="0" errors="0">
   <testsuite name="TS_Register with E-mail" tests="5" failures="0" errors="0" time="386" timestamp="2018-02-08 11:20:52" hostname="iDolphinz - DESKTOP-HF6P904" id="Test Suites/Authentication/Feature_Register/TS_Register with E-mail">
      <properties>
         <property name="deviceName" value="unknown Google Nexus 5 - 5.1.0 - API 22 - 1080x1920 (Android 5.1)"/>
         <property name="devicePlatform" value=""/>
         <property name="logFolder" value="C:\\Users\\iDolphinz\\git\\Riderr-Test\\Andriod\\Reports\\Authentication\\Feature_Register\\TS_Register with E-mail\\20180208_111653"/>
         <property name="logFiles" value="C:\\Users\\iDolphinz\\git\\Riderr-Test\\Andriod\\Reports\\Authentication\\Feature_Register\\TS_Register with E-mail\\20180208_111653\\appium.log, C:\\Users\\iDolphinz\\git\\Riderr-Test\\Andriod\\Reports\\Authentication\\Feature_Register\\TS_Register with E-mail\\20180208_111653\\execution0.log"/>
         <property name="attachments" value=""/>
         <property name="hostName" value="iDolphinz - DESKTOP-HF6P904"/>
         <property name="os" value="Windows 10 64bit"/>
         <property name="katalonVersion" value="5.3.0.1"/>
         <property name="deviceOS" value="Android"/>
         <property name="appiumVersion" value="1.7.2"/>
         <property name="deviceModel" value="Google Nexus 5 - 5.1.0 - API 22 - 1080x1920"/>
         <property name="hostAddress" value="192.168.29.2"/>
         <property name="deviceManufacturer" value="unknown"/>
         <property name="deviceId" value="192.168.29.101:5555"/>
         <property name="deviceName" value="unknown Google Nexus 5 - 5.1.0 - API 22 - 1080x1920 (Android 5.1)"/>
         <property name="deviceOSVersion" value="5.1"/>
      </properties>
      <testcase name="Test Cases/Authentication/Feature_Register/Register with E-mail/EmailRegister01" classname="Test Cases/Authentication/Feature_Register/Register with E-mail/EmailRegister01" status="PASSED">
         <system-out><![CDATA[2018-02-08 11:20:52 - [TEST_CASE][PASSED] - Test Cases/Authentication/Feature_Register/Register with E-mail/EmailRegister01: Test Cases/Authentication/Feature_Register/Register with E-mail/EmailRegister01

2018-02-08 11:20:52 - [TEST_STEP][PASSED] - startApplication: Started app at: 'C:\Users\iDolphinz\git\Riderr-Test\Andriod\APK\riderr.apk'

2018-02-08 11:21:14 - [MESSAGE][PASSED] - Started app at: 'C:\Users\iDolphinz\git\Riderr-Test\Andriod\APK\riderr.apk'

2018-02-08 11:21:14 - [TEST_STEP][PASSED] - waitForElementPresent: Element 'Object Repository/HOME_PAGE/gotoNavbar' is present

2018-02-08 11:21:14 - [MESSAGE][WARNING] - Timeout '0' is invalid. Using default page load timeout: '30'

2018-02-08 11:21:17 - [MESSAGE][PASSED] - Element 'Object Repository/HOME_PAGE/gotoNavbar' is present

2018-02-08 11:21:17 - [TEST_STEP][PASSED] - tap: Tapped on element 'Object Repository/HOME_PAGE/gotoNavbar'

2018-02-08 11:21:17 - [MESSAGE][WARNING] - Timeout '0' is invalid. Using default page load timeout: '30'

2018-02-08 11:21:18 - [MESSAGE][PASSED] - Tapped on element 'Object Repository/HOME_PAGE/gotoNavbar'

2018-02-08 11:21:18 - [TEST_STEP][PASSED] - waitForElementPresent: Element 'Object Repository/INSIDE_NAVBAR/navbarLogin' is present

2018-02-08 11:21:18 - [MESSAGE][WARNING] - Timeout '0' is invalid. Using default page load timeout: '30'

2018-02-08 11:21:19 - [MESSAGE][PASSED] - Element 'Object Repository/INSIDE_NAVBAR/navbarLogin' is present

2018-02-08 11:21:19 - [TEST_STEP][PASSED] - tap: Tapped on element 'Object Repository/INSIDE_NAVBAR/navbarLogin'

2018-02-08 11:21:19 - [MESSAGE][WARNING] - Timeout '0' is invalid. Using default page load timeout: '30'

2018-02-08 11:21:20 - [MESSAGE][PASSED] - Tapped on element 'Object Repository/INSIDE_NAVBAR/navbarLogin'

2018-02-08 11:21:20 - [TEST_STEP][PASSED] - waitForElementPresent: Element 'Object Repository/LOGINPAGE/txt/txt Register' is present

2018-02-08 11:21:20 - [MESSAGE][WARNING] - Timeout '0' is invalid. Using default page load timeout: '30'

2018-02-08 11:21:21 - [MESSAGE][PASSED] - Element 'Object Repository/LOGINPAGE/txt/txt Register' is present

2018-02-08 11:21:21 - [TEST_STEP][PASSED] - tap: Tapped on element 'Object Repository/LOGINPAGE/txt/txt Register'

2018-02-08 11:21:21 - [MESSAGE][WARNING] - Timeout '0' is invalid. Using default page load timeout: '30'

2018-02-08 11:21:21 - [MESSAGE][PASSED] - Tapped on element 'Object Repository/LOGINPAGE/txt/txt Register'

2018-02-08 11:21:21 - [TEST_STEP][PASSED] - waitForElementPresent: Element 'Object Repository/REGISTERPAGE/Add Profile Image' is present

2018-02-08 11:21:22 - [MESSAGE][WARNING] - Timeout '0' is invalid. Using default page load timeout: '30'

2018-02-08 11:21:22 - [MESSAGE][PASSED] - Element 'Object Repository/REGISTERPAGE/Add Profile Image' is present

2018-02-08 11:21:22 - [TEST_STEP][PASSED] - tap: Tapped on element 'Object Repository/REGISTERPAGE/Add Profile Image'

2018-02-08 11:21:22 - [MESSAGE][WARNING] - Timeout '0' is invalid. Using default page load timeout: '30'

2018-02-08 11:21:23 - [MESSAGE][PASSED] - Tapped on element 'Object Repository/REGISTERPAGE/Add Profile Image'

2018-02-08 11:21:23 - [TEST_STEP][PASSED] - waitForElementPresent: Element 'Object Repository/REGISTERPAGE/txt/txt Choose Gallery' is present

2018-02-08 11:21:23 - [MESSAGE][WARNING] - Timeout '0' is invalid. Using default page load timeout: '30'

2018-02-08 11:21:23 - [MESSAGE][PASSED] - Element 'Object Repository/REGISTERPAGE/txt/txt Choose Gallery' is present

2018-02-08 11:21:23 - [TEST_STEP][PASSED] - tap: Tapped on element 'Object Repository/REGISTERPAGE/txt/txt Choose Gallery'

2018-02-08 11:21:23 - [MESSAGE][WARNING] - Timeout '0' is invalid. Using default page load timeout: '30'

2018-02-08 11:21:25 - [MESSAGE][PASSED] - Tapped on element 'Object Repository/REGISTERPAGE/txt/txt Choose Gallery'

2018-02-08 11:21:25 - [TEST_STEP][PASSED] - waitForElementPresent: Element 'Object Repository/REGISTERPAGE/txt/android.view.View1' is present

2018-02-08 11:21:25 - [MESSAGE][WARNING] - Timeout '0' is invalid. Using default page load timeout: '30'

2018-02-08 11:21:26 - [MESSAGE][PASSED] - Element 'Object Repository/REGISTERPAGE/txt/android.view.View1' is present

2018-02-08 11:21:26 - [TEST_STEP][PASSED] - tap: Tapped on element 'Object Repository/REGISTERPAGE/txt/android.view.View1'

2018-02-08 11:21:26 - [MESSAGE][WARNING] - Timeout '0' is invalid. Using default page load timeout: '30'

2018-02-08 11:21:26 - [MESSAGE][PASSED] - Tapped on element 'Object Repository/REGISTERPAGE/txt/android.view.View1'

2018-02-08 11:21:26 - [TEST_STEP][PASSED] - waitForElementPresent: Element 'Object Repository/REGISTERPAGE/txt/android.view.View1' is present

2018-02-08 11:21:26 - [MESSAGE][WARNING] - Timeout '0' is invalid. Using default page load timeout: '30'

2018-02-08 11:21:28 - [MESSAGE][PASSED] - Element 'Object Repository/REGISTERPAGE/txt/android.view.View1' is present

2018-02-08 11:21:28 - [TEST_STEP][PASSED] - tap: Tapped on element 'Object Repository/REGISTERPAGE/txt/android.view.View1'

2018-02-08 11:21:28 - [MESSAGE][WARNING] - Timeout '0' is invalid. Using default page load timeout: '30'

2018-02-08 11:21:30 - [MESSAGE][PASSED] - Tapped on element 'Object Repository/REGISTERPAGE/txt/android.view.View1'

2018-02-08 11:21:30 - [TEST_STEP][PASSED] - waitForElementPresent: Element 'Object Repository/REGISTERPAGE/txt/txt Done' is present

2018-02-08 11:21:30 - [MESSAGE][WARNING] - Timeout '0' is invalid. Using default page load timeout: '30'

2018-02-08 11:21:31 - [MESSAGE][PASSED] - Element 'Object Repository/REGISTERPAGE/txt/txt Done' is present

2018-02-08 11:21:31 - [TEST_STEP][PASSED] - tap: Tapped on element 'Object Repository/REGISTERPAGE/txt/txt Done'

2018-02-08 11:21:31 - [MESSAGE][WARNING] - Timeout '0' is invalid. Using default page load timeout: '30'

2018-02-08 11:21:31 - [MESSAGE][PASSED] - Tapped on element 'Object Repository/REGISTERPAGE/txt/txt Done'

2018-02-08 11:21:31 - [TEST_STEP][PASSED] - waitForElementPresent: Element 'Object Repository/REGISTERPAGE/edt/edt Full Name' is present

2018-02-08 11:21:31 - [MESSAGE][WARNING] - Timeout '0' is invalid. Using default page load timeout: '30'

2018-02-08 11:21:32 - [MESSAGE][PASSED] - Element 'Object Repository/REGISTERPAGE/edt/edt Full Name' is present

2018-02-08 11:21:32 - [TEST_STEP][PASSED] - setText: Text 'testdata' has been set to element 'Object Repository/REGISTERPAGE/edt/edt Full Name'

2018-02-08 11:21:32 - [MESSAGE][WARNING] - Timeout '0' is invalid. Using default page load timeout: '30'

2018-02-08 11:21:38 - [MESSAGE][PASSED] - Text 'testdata' has been set to element 'Object Repository/REGISTERPAGE/edt/edt Full Name'

2018-02-08 11:21:38 - [TEST_STEP][PASSED] - waitForElementPresent: Element 'Object Repository/REGISTERPAGE/edt/edt Email Address' is present

2018-02-08 11:21:38 - [MESSAGE][WARNING] - Timeout '0' is invalid. Using default page load timeout: '30'

2018-02-08 11:21:39 - [MESSAGE][PASSED] - Element 'Object Repository/REGISTERPAGE/edt/edt Email Address' is present

2018-02-08 11:21:39 - [TEST_STEP][PASSED] - setText: Text 'asdddd3@dsee.csd' has been set to element 'Object Repository/REGISTERPAGE/edt/edt Email Address'

2018-02-08 11:21:39 - [MESSAGE][WARNING] - Timeout '0' is invalid. Using default page load timeout: '30'

2018-02-08 11:21:44 - [MESSAGE][PASSED] - Text 'asdddd3@dsee.csd' has been set to element 'Object Repository/REGISTERPAGE/edt/edt Email Address'

2018-02-08 11:21:44 - [TEST_STEP][PASSED] - waitForElementPresent: Element 'Object Repository/REGISTERPAGE/edt/edt Password' is present

2018-02-08 11:21:44 - [MESSAGE][WARNING] - Timeout '0' is invalid. Using default page load timeout: '30'

2018-02-08 11:21:45 - [MESSAGE][PASSED] - Element 'Object Repository/REGISTERPAGE/edt/edt Password' is present

2018-02-08 11:21:45 - [TEST_STEP][PASSED] - setText: Text '123456' has been set to element 'Object Repository/REGISTERPAGE/edt/edt Password'

2018-02-08 11:21:45 - [MESSAGE][WARNING] - Timeout '0' is invalid. Using default page load timeout: '30'

2018-02-08 11:21:52 - [MESSAGE][PASSED] - Text '123456' has been set to element 'Object Repository/REGISTERPAGE/edt/edt Password'

2018-02-08 11:21:52 - [TEST_STEP][PASSED] - scrollToText: Scrolling to text 'Next' successfully

2018-02-08 11:21:58 - [MESSAGE][PASSED] - Scrolling to text 'Next' successfully

2018-02-08 11:21:59 - [TEST_STEP][PASSED] - waitForElementPresent: Element 'Object Repository/REGISTERPAGE/edt/edt RePassword' is present

2018-02-08 11:21:59 - [MESSAGE][WARNING] - Timeout '0' is invalid. Using default page load timeout: '30'

2018-02-08 11:21:59 - [MESSAGE][PASSED] - Element 'Object Repository/REGISTERPAGE/edt/edt RePassword' is present

2018-02-08 11:21:59 - [TEST_STEP][PASSED] - setText: Text '123456' has been set to element 'Object Repository/REGISTERPAGE/edt/edt RePassword'

2018-02-08 11:21:59 - [MESSAGE][WARNING] - Timeout '0' is invalid. Using default page load timeout: '30'

2018-02-08 11:22:06 - [MESSAGE][PASSED] - Text '123456' has been set to element 'Object Repository/REGISTERPAGE/edt/edt RePassword'

2018-02-08 11:22:06 - [TEST_STEP][PASSED] - waitForElementPresent: Element 'Object Repository/REGISTERPAGE/checkbox/checkbox Agreement' is present

2018-02-08 11:22:06 - [MESSAGE][WARNING] - Timeout '0' is invalid. Using default page load timeout: '30'

2018-02-08 11:22:06 - [MESSAGE][PASSED] - Element 'Object Repository/REGISTERPAGE/checkbox/checkbox Agreement' is present

2018-02-08 11:22:06 - [TEST_STEP][PASSED] - tap: Tapped on element 'Object Repository/REGISTERPAGE/checkbox/checkbox Agreement'

2018-02-08 11:22:06 - [MESSAGE][WARNING] - Timeout '0' is invalid. Using default page load timeout: '30'

2018-02-08 11:22:07 - [MESSAGE][PASSED] - Tapped on element 'Object Repository/REGISTERPAGE/checkbox/checkbox Agreement'

2018-02-08 11:22:07 - [TEST_STEP][PASSED] - waitForElementPresent: Element 'Object Repository/REGISTERPAGE/btn/btn Next' is present

2018-02-08 11:22:07 - [MESSAGE][WARNING] - Timeout '0' is invalid. Using default page load timeout: '30'

2018-02-08 11:22:07 - [MESSAGE][PASSED] - Element 'Object Repository/REGISTERPAGE/btn/btn Next' is present

2018-02-08 11:22:07 - [TEST_STEP][PASSED] - tap: Tapped on element 'Object Repository/REGISTERPAGE/btn/btn Next'

2018-02-08 11:22:07 - [MESSAGE][WARNING] - Timeout '0' is invalid. Using default page load timeout: '30'

2018-02-08 11:22:08 - [MESSAGE][PASSED] - Tapped on element 'Object Repository/REGISTERPAGE/btn/btn Next'

2018-02-08 11:22:08 - [TEST_STEP][PASSED] - waitForElementPresent: Element 'Object Repository/REGISTERPAGE/btn/btn Back to Log In' is present

2018-02-08 11:22:08 - [MESSAGE][WARNING] - Timeout '0' is invalid. Using default page load timeout: '30'

2018-02-08 11:22:13 - [MESSAGE][PASSED] - Element 'Object Repository/REGISTERPAGE/btn/btn Back to Log In' is present

2018-02-08 11:22:13 - [TEST_STEP][PASSED] - tap: Tapped on element 'Object Repository/REGISTERPAGE/btn/btn Back to Log In'

2018-02-08 11:22:13 - [MESSAGE][WARNING] - Timeout '0' is invalid. Using default page load timeout: '30'

2018-02-08 11:22:14 - [MESSAGE][PASSED] - Tapped on element 'Object Repository/REGISTERPAGE/btn/btn Back to Log In'

2018-02-08 11:22:14 - [TEST_STEP][PASSED] - waitForElementPresent: Element 'Object Repository/LOGINPAGE/txt/txt Register' is present

2018-02-08 11:22:14 - [MESSAGE][WARNING] - Timeout '0' is invalid. Using default page load timeout: '30'

2018-02-08 11:22:14 - [MESSAGE][PASSED] - Element 'Object Repository/LOGINPAGE/txt/txt Register' is present

2018-02-08 11:22:14 - [TEST_STEP][PASSED] - delay: Delayed 2 second(s)

2018-02-08 11:22:16 - [MESSAGE][PASSED] - Delayed 2 second(s)

2018-02-08 11:22:17 - [TEST_STEP][PASSED] - closeApplication: Close app successfully

2018-02-08 11:22:19 - [MESSAGE][PASSED] - Close app successfully]]></system-out>
         <system-err><![CDATA[]]></system-err>
      </testcase>
      <testcase name="Test Cases/Authentication/Feature_Register/Register with E-mail/EmailRegister02" classname="Test Cases/Authentication/Feature_Register/Register with E-mail/EmailRegister02" status="PASSED">
         <system-out><![CDATA[2018-02-08 11:22:19 - [TEST_CASE][PASSED] - Test Cases/Authentication/Feature_Register/Register with E-mail/EmailRegister02: Test Cases/Authentication/Feature_Register/Register with E-mail/EmailRegister02

2018-02-08 11:22:19 - [TEST_STEP][PASSED] - startApplication: Started app at: 'C:\Users\iDolphinz\git\Riderr-Test\Andriod\APK\riderr.apk'

2018-02-08 11:22:41 - [MESSAGE][PASSED] - Started app at: 'C:\Users\iDolphinz\git\Riderr-Test\Andriod\APK\riderr.apk'

2018-02-08 11:22:41 - [TEST_STEP][PASSED] - waitForElementPresent: Element 'Object Repository/HOME_PAGE/gotoNavbar' is present

2018-02-08 11:22:41 - [MESSAGE][WARNING] - Timeout '0' is invalid. Using default page load timeout: '30'

2018-02-08 11:22:44 - [MESSAGE][PASSED] - Element 'Object Repository/HOME_PAGE/gotoNavbar' is present

2018-02-08 11:22:44 - [TEST_STEP][PASSED] - tap: Tapped on element 'Object Repository/HOME_PAGE/gotoNavbar'

2018-02-08 11:22:44 - [MESSAGE][WARNING] - Timeout '0' is invalid. Using default page load timeout: '30'

2018-02-08 11:22:45 - [MESSAGE][PASSED] - Tapped on element 'Object Repository/HOME_PAGE/gotoNavbar'

2018-02-08 11:22:45 - [TEST_STEP][PASSED] - waitForElementPresent: Element 'Object Repository/INSIDE_NAVBAR/navbarLogin' is present

2018-02-08 11:22:45 - [MESSAGE][WARNING] - Timeout '0' is invalid. Using default page load timeout: '30'

2018-02-08 11:22:46 - [MESSAGE][PASSED] - Element 'Object Repository/INSIDE_NAVBAR/navbarLogin' is present

2018-02-08 11:22:46 - [TEST_STEP][PASSED] - tap: Tapped on element 'Object Repository/INSIDE_NAVBAR/navbarLogin'

2018-02-08 11:22:46 - [MESSAGE][WARNING] - Timeout '0' is invalid. Using default page load timeout: '30'

2018-02-08 11:22:47 - [MESSAGE][PASSED] - Tapped on element 'Object Repository/INSIDE_NAVBAR/navbarLogin'

2018-02-08 11:22:47 - [TEST_STEP][PASSED] - waitForElementPresent: Element 'Object Repository/LOGINPAGE/txt/txt Register' is present

2018-02-08 11:22:47 - [MESSAGE][WARNING] - Timeout '0' is invalid. Using default page load timeout: '30'

2018-02-08 11:22:48 - [MESSAGE][PASSED] - Element 'Object Repository/LOGINPAGE/txt/txt Register' is present

2018-02-08 11:22:48 - [TEST_STEP][PASSED] - tap: Tapped on element 'Object Repository/LOGINPAGE/txt/txt Register'

2018-02-08 11:22:48 - [MESSAGE][WARNING] - Timeout '0' is invalid. Using default page load timeout: '30'

2018-02-08 11:22:50 - [MESSAGE][PASSED] - Tapped on element 'Object Repository/LOGINPAGE/txt/txt Register'

2018-02-08 11:22:50 - [TEST_STEP][PASSED] - waitForElementPresent: Element 'Object Repository/REGISTERPAGE/Add Profile Image' is present

2018-02-08 11:22:50 - [MESSAGE][WARNING] - Timeout '0' is invalid. Using default page load timeout: '30'

2018-02-08 11:22:50 - [MESSAGE][PASSED] - Element 'Object Repository/REGISTERPAGE/Add Profile Image' is present

2018-02-08 11:22:50 - [TEST_STEP][PASSED] - tap: Tapped on element 'Object Repository/REGISTERPAGE/Add Profile Image'

2018-02-08 11:22:50 - [MESSAGE][WARNING] - Timeout '0' is invalid. Using default page load timeout: '30'

2018-02-08 11:22:51 - [MESSAGE][PASSED] - Tapped on element 'Object Repository/REGISTERPAGE/Add Profile Image'

2018-02-08 11:22:51 - [TEST_STEP][PASSED] - waitForElementPresent: Element 'Object Repository/REGISTERPAGE/txt/txt Choose Gallery' is present

2018-02-08 11:22:51 - [MESSAGE][WARNING] - Timeout '0' is invalid. Using default page load timeout: '30'

2018-02-08 11:22:52 - [MESSAGE][PASSED] - Element 'Object Repository/REGISTERPAGE/txt/txt Choose Gallery' is present

2018-02-08 11:22:52 - [TEST_STEP][PASSED] - tap: Tapped on element 'Object Repository/REGISTERPAGE/txt/txt Choose Gallery'

2018-02-08 11:22:52 - [MESSAGE][WARNING] - Timeout '0' is invalid. Using default page load timeout: '30'

2018-02-08 11:22:53 - [MESSAGE][PASSED] - Tapped on element 'Object Repository/REGISTERPAGE/txt/txt Choose Gallery'

2018-02-08 11:22:53 - [TEST_STEP][PASSED] - waitForElementPresent: Element 'Object Repository/REGISTERPAGE/txt/android.view.View1' is present

2018-02-08 11:22:53 - [MESSAGE][WARNING] - Timeout '0' is invalid. Using default page load timeout: '30'

2018-02-08 11:22:53 - [MESSAGE][PASSED] - Element 'Object Repository/REGISTERPAGE/txt/android.view.View1' is present

2018-02-08 11:22:53 - [TEST_STEP][PASSED] - tap: Tapped on element 'Object Repository/REGISTERPAGE/txt/android.view.View1'

2018-02-08 11:22:53 - [MESSAGE][WARNING] - Timeout '0' is invalid. Using default page load timeout: '30'

2018-02-08 11:22:54 - [MESSAGE][PASSED] - Tapped on element 'Object Repository/REGISTERPAGE/txt/android.view.View1'

2018-02-08 11:22:54 - [TEST_STEP][PASSED] - waitForElementPresent: Element 'Object Repository/REGISTERPAGE/txt/android.view.View1' is present

2018-02-08 11:22:54 - [MESSAGE][WARNING] - Timeout '0' is invalid. Using default page load timeout: '30'

2018-02-08 11:22:55 - [MESSAGE][PASSED] - Element 'Object Repository/REGISTERPAGE/txt/android.view.View1' is present

2018-02-08 11:22:55 - [TEST_STEP][PASSED] - tap: Tapped on element 'Object Repository/REGISTERPAGE/txt/android.view.View1'

2018-02-08 11:22:55 - [MESSAGE][WARNING] - Timeout '0' is invalid. Using default page load timeout: '30'

2018-02-08 11:22:57 - [MESSAGE][PASSED] - Tapped on element 'Object Repository/REGISTERPAGE/txt/android.view.View1'

2018-02-08 11:22:57 - [TEST_STEP][PASSED] - waitForElementPresent: Element 'Object Repository/REGISTERPAGE/txt/txt Done' is present

2018-02-08 11:22:57 - [MESSAGE][WARNING] - Timeout '0' is invalid. Using default page load timeout: '30'

2018-02-08 11:22:58 - [MESSAGE][PASSED] - Element 'Object Repository/REGISTERPAGE/txt/txt Done' is present

2018-02-08 11:22:58 - [TEST_STEP][PASSED] - tap: Tapped on element 'Object Repository/REGISTERPAGE/txt/txt Done'

2018-02-08 11:22:58 - [MESSAGE][WARNING] - Timeout '0' is invalid. Using default page load timeout: '30'

2018-02-08 11:22:58 - [MESSAGE][PASSED] - Tapped on element 'Object Repository/REGISTERPAGE/txt/txt Done'

2018-02-08 11:22:58 - [TEST_STEP][PASSED] - waitForElementPresent: Element 'Object Repository/REGISTERPAGE/edt/edt Full Name' is present

2018-02-08 11:22:58 - [MESSAGE][WARNING] - Timeout '0' is invalid. Using default page load timeout: '30'

2018-02-08 11:22:59 - [MESSAGE][PASSED] - Element 'Object Repository/REGISTERPAGE/edt/edt Full Name' is present

2018-02-08 11:22:59 - [TEST_STEP][PASSED] - setText: Text 'testdata' has been set to element 'Object Repository/REGISTERPAGE/edt/edt Full Name'

2018-02-08 11:22:59 - [MESSAGE][WARNING] - Timeout '0' is invalid. Using default page load timeout: '30'

2018-02-08 11:23:05 - [MESSAGE][PASSED] - Text 'testdata' has been set to element 'Object Repository/REGISTERPAGE/edt/edt Full Name'

2018-02-08 11:23:05 - [TEST_STEP][PASSED] - waitForElementPresent: Element 'Object Repository/REGISTERPAGE/edt/edt Email Address' is present

2018-02-08 11:23:05 - [MESSAGE][WARNING] - Timeout '0' is invalid. Using default page load timeout: '30'

2018-02-08 11:23:06 - [MESSAGE][PASSED] - Element 'Object Repository/REGISTERPAGE/edt/edt Email Address' is present

2018-02-08 11:23:06 - [TEST_STEP][PASSED] - setText: Text 'testdata' has been set to element 'Object Repository/REGISTERPAGE/edt/edt Email Address'

2018-02-08 11:23:06 - [MESSAGE][WARNING] - Timeout '0' is invalid. Using default page load timeout: '30'

2018-02-08 11:23:11 - [MESSAGE][PASSED] - Text 'testdata' has been set to element 'Object Repository/REGISTERPAGE/edt/edt Email Address'

2018-02-08 11:23:11 - [TEST_STEP][PASSED] - waitForElementPresent: Element 'Object Repository/REGISTERPAGE/edt/edt Password' is present

2018-02-08 11:23:11 - [MESSAGE][WARNING] - Timeout '0' is invalid. Using default page load timeout: '30'

2018-02-08 11:23:12 - [MESSAGE][PASSED] - Element 'Object Repository/REGISTERPAGE/edt/edt Password' is present

2018-02-08 11:23:12 - [TEST_STEP][PASSED] - setText: Text '123456' has been set to element 'Object Repository/REGISTERPAGE/edt/edt Password'

2018-02-08 11:23:12 - [MESSAGE][WARNING] - Timeout '0' is invalid. Using default page load timeout: '30'

2018-02-08 11:23:19 - [MESSAGE][PASSED] - Text '123456' has been set to element 'Object Repository/REGISTERPAGE/edt/edt Password'

2018-02-08 11:23:19 - [TEST_STEP][PASSED] - scrollToText: Scrolling to text 'Next' successfully

2018-02-08 11:23:25 - [MESSAGE][PASSED] - Scrolling to text 'Next' successfully

2018-02-08 11:23:25 - [TEST_STEP][PASSED] - waitForElementPresent: Element 'Object Repository/REGISTERPAGE/edt/edt RePassword' is present

2018-02-08 11:23:25 - [MESSAGE][WARNING] - Timeout '0' is invalid. Using default page load timeout: '30'

2018-02-08 11:23:26 - [MESSAGE][PASSED] - Element 'Object Repository/REGISTERPAGE/edt/edt RePassword' is present

2018-02-08 11:23:26 - [TEST_STEP][PASSED] - setText: Text '123456' has been set to element 'Object Repository/REGISTERPAGE/edt/edt RePassword'

2018-02-08 11:23:26 - [MESSAGE][WARNING] - Timeout '0' is invalid. Using default page load timeout: '30'

2018-02-08 11:23:33 - [MESSAGE][PASSED] - Text '123456' has been set to element 'Object Repository/REGISTERPAGE/edt/edt RePassword'

2018-02-08 11:23:33 - [TEST_STEP][PASSED] - waitForElementPresent: Element 'Object Repository/REGISTERPAGE/checkbox/checkbox Agreement' is present

2018-02-08 11:23:33 - [MESSAGE][WARNING] - Timeout '0' is invalid. Using default page load timeout: '30'

2018-02-08 11:23:34 - [MESSAGE][PASSED] - Element 'Object Repository/REGISTERPAGE/checkbox/checkbox Agreement' is present

2018-02-08 11:23:34 - [TEST_STEP][PASSED] - tap: Tapped on element 'Object Repository/REGISTERPAGE/checkbox/checkbox Agreement'

2018-02-08 11:23:34 - [MESSAGE][WARNING] - Timeout '0' is invalid. Using default page load timeout: '30'

2018-02-08 11:23:34 - [MESSAGE][PASSED] - Tapped on element 'Object Repository/REGISTERPAGE/checkbox/checkbox Agreement'

2018-02-08 11:23:34 - [TEST_STEP][PASSED] - waitForElementPresent: Element 'Object Repository/REGISTERPAGE/btn/btn Next' is present

2018-02-08 11:23:34 - [MESSAGE][WARNING] - Timeout '0' is invalid. Using default page load timeout: '30'

2018-02-08 11:23:35 - [MESSAGE][PASSED] - Element 'Object Repository/REGISTERPAGE/btn/btn Next' is present

2018-02-08 11:23:35 - [TEST_STEP][PASSED] - tap: Tapped on element 'Object Repository/REGISTERPAGE/btn/btn Next'

2018-02-08 11:23:35 - [MESSAGE][WARNING] - Timeout '0' is invalid. Using default page load timeout: '30'

2018-02-08 11:23:35 - [MESSAGE][PASSED] - Tapped on element 'Object Repository/REGISTERPAGE/btn/btn Next'

2018-02-08 11:23:35 - [TEST_STEP][PASSED] - scrollToText: Scrolling to text 'Invalidated email format' successfully

2018-02-08 11:23:36 - [MESSAGE][PASSED] - Scrolling to text 'Invalidated email format' successfully

2018-02-08 11:23:37 - [TEST_STEP][PASSED] - delay: Delayed 2 second(s)

2018-02-08 11:23:39 - [MESSAGE][PASSED] - Delayed 2 second(s)

2018-02-08 11:23:39 - [TEST_STEP][PASSED] - closeApplication: Close app successfully

2018-02-08 11:23:41 - [MESSAGE][PASSED] - Close app successfully]]></system-out>
         <system-err><![CDATA[]]></system-err>
      </testcase>
      <testcase name="Test Cases/Authentication/Feature_Register/Register with E-mail/EmailRegister03" classname="Test Cases/Authentication/Feature_Register/Register with E-mail/EmailRegister03" status="PASSED">
         <system-out><![CDATA[2018-02-08 11:23:41 - [TEST_CASE][PASSED] - Test Cases/Authentication/Feature_Register/Register with E-mail/EmailRegister03: Test Cases/Authentication/Feature_Register/Register with E-mail/EmailRegister03

2018-02-08 11:23:41 - [TEST_STEP][PASSED] - startApplication: Started app at: 'C:\Users\iDolphinz\git\Riderr-Test\Andriod\APK\riderr.apk'

2018-02-08 11:24:01 - [MESSAGE][PASSED] - Started app at: 'C:\Users\iDolphinz\git\Riderr-Test\Andriod\APK\riderr.apk'

2018-02-08 11:24:01 - [TEST_STEP][PASSED] - waitForElementPresent: Element 'Object Repository/HOME_PAGE/gotoNavbar' is present

2018-02-08 11:24:01 - [MESSAGE][WARNING] - Timeout '0' is invalid. Using default page load timeout: '30'

2018-02-08 11:24:04 - [MESSAGE][PASSED] - Element 'Object Repository/HOME_PAGE/gotoNavbar' is present

2018-02-08 11:24:04 - [TEST_STEP][PASSED] - tap: Tapped on element 'Object Repository/HOME_PAGE/gotoNavbar'

2018-02-08 11:24:04 - [MESSAGE][WARNING] - Timeout '0' is invalid. Using default page load timeout: '30'

2018-02-08 11:24:05 - [MESSAGE][PASSED] - Tapped on element 'Object Repository/HOME_PAGE/gotoNavbar'

2018-02-08 11:24:05 - [TEST_STEP][PASSED] - waitForElementPresent: Element 'Object Repository/INSIDE_NAVBAR/navbarLogin' is present

2018-02-08 11:24:05 - [MESSAGE][WARNING] - Timeout '0' is invalid. Using default page load timeout: '30'

2018-02-08 11:24:06 - [MESSAGE][PASSED] - Element 'Object Repository/INSIDE_NAVBAR/navbarLogin' is present

2018-02-08 11:24:06 - [TEST_STEP][PASSED] - tap: Tapped on element 'Object Repository/INSIDE_NAVBAR/navbarLogin'

2018-02-08 11:24:06 - [MESSAGE][WARNING] - Timeout '0' is invalid. Using default page load timeout: '30'

2018-02-08 11:24:06 - [MESSAGE][PASSED] - Tapped on element 'Object Repository/INSIDE_NAVBAR/navbarLogin'

2018-02-08 11:24:06 - [TEST_STEP][PASSED] - waitForElementPresent: Element 'Object Repository/LOGINPAGE/txt/txt Register' is present

2018-02-08 11:24:06 - [MESSAGE][WARNING] - Timeout '0' is invalid. Using default page load timeout: '30'

2018-02-08 11:24:07 - [MESSAGE][PASSED] - Element 'Object Repository/LOGINPAGE/txt/txt Register' is present

2018-02-08 11:24:07 - [TEST_STEP][PASSED] - tap: Tapped on element 'Object Repository/LOGINPAGE/txt/txt Register'

2018-02-08 11:24:07 - [MESSAGE][WARNING] - Timeout '0' is invalid. Using default page load timeout: '30'

2018-02-08 11:24:08 - [MESSAGE][PASSED] - Tapped on element 'Object Repository/LOGINPAGE/txt/txt Register'

2018-02-08 11:24:08 - [TEST_STEP][PASSED] - waitForElementPresent: Element 'Object Repository/REGISTERPAGE/Add Profile Image' is present

2018-02-08 11:24:08 - [MESSAGE][WARNING] - Timeout '0' is invalid. Using default page load timeout: '30'

2018-02-08 11:24:09 - [MESSAGE][PASSED] - Element 'Object Repository/REGISTERPAGE/Add Profile Image' is present

2018-02-08 11:24:09 - [TEST_STEP][PASSED] - tap: Tapped on element 'Object Repository/REGISTERPAGE/Add Profile Image'

2018-02-08 11:24:09 - [MESSAGE][WARNING] - Timeout '0' is invalid. Using default page load timeout: '30'

2018-02-08 11:24:09 - [MESSAGE][PASSED] - Tapped on element 'Object Repository/REGISTERPAGE/Add Profile Image'

2018-02-08 11:24:09 - [TEST_STEP][PASSED] - waitForElementPresent: Element 'Object Repository/REGISTERPAGE/txt/txt Choose Gallery' is present

2018-02-08 11:24:09 - [MESSAGE][WARNING] - Timeout '0' is invalid. Using default page load timeout: '30'

2018-02-08 11:24:10 - [MESSAGE][PASSED] - Element 'Object Repository/REGISTERPAGE/txt/txt Choose Gallery' is present

2018-02-08 11:24:10 - [TEST_STEP][PASSED] - tap: Tapped on element 'Object Repository/REGISTERPAGE/txt/txt Choose Gallery'

2018-02-08 11:24:10 - [MESSAGE][WARNING] - Timeout '0' is invalid. Using default page load timeout: '30'

2018-02-08 11:24:11 - [MESSAGE][PASSED] - Tapped on element 'Object Repository/REGISTERPAGE/txt/txt Choose Gallery'

2018-02-08 11:24:11 - [TEST_STEP][PASSED] - waitForElementPresent: Element 'Object Repository/REGISTERPAGE/txt/android.view.View1' is present

2018-02-08 11:24:11 - [MESSAGE][WARNING] - Timeout '0' is invalid. Using default page load timeout: '30'

2018-02-08 11:24:12 - [MESSAGE][PASSED] - Element 'Object Repository/REGISTERPAGE/txt/android.view.View1' is present

2018-02-08 11:24:12 - [TEST_STEP][PASSED] - tap: Tapped on element 'Object Repository/REGISTERPAGE/txt/android.view.View1'

2018-02-08 11:24:12 - [MESSAGE][WARNING] - Timeout '0' is invalid. Using default page load timeout: '30'

2018-02-08 11:24:13 - [MESSAGE][PASSED] - Tapped on element 'Object Repository/REGISTERPAGE/txt/android.view.View1'

2018-02-08 11:24:13 - [TEST_STEP][PASSED] - waitForElementPresent: Element 'Object Repository/REGISTERPAGE/txt/android.view.View1' is present

2018-02-08 11:24:13 - [MESSAGE][WARNING] - Timeout '0' is invalid. Using default page load timeout: '30'

2018-02-08 11:24:14 - [MESSAGE][PASSED] - Element 'Object Repository/REGISTERPAGE/txt/android.view.View1' is present

2018-02-08 11:24:14 - [TEST_STEP][PASSED] - tap: Tapped on element 'Object Repository/REGISTERPAGE/txt/android.view.View1'

2018-02-08 11:24:14 - [MESSAGE][WARNING] - Timeout '0' is invalid. Using default page load timeout: '30'

2018-02-08 11:24:16 - [MESSAGE][PASSED] - Tapped on element 'Object Repository/REGISTERPAGE/txt/android.view.View1'

2018-02-08 11:24:16 - [TEST_STEP][PASSED] - waitForElementPresent: Element 'Object Repository/REGISTERPAGE/txt/txt Done' is present

2018-02-08 11:24:16 - [MESSAGE][WARNING] - Timeout '0' is invalid. Using default page load timeout: '30'

2018-02-08 11:24:17 - [MESSAGE][PASSED] - Element 'Object Repository/REGISTERPAGE/txt/txt Done' is present

2018-02-08 11:24:17 - [TEST_STEP][PASSED] - tap: Tapped on element 'Object Repository/REGISTERPAGE/txt/txt Done'

2018-02-08 11:24:17 - [MESSAGE][WARNING] - Timeout '0' is invalid. Using default page load timeout: '30'

2018-02-08 11:24:18 - [MESSAGE][PASSED] - Tapped on element 'Object Repository/REGISTERPAGE/txt/txt Done'

2018-02-08 11:24:18 - [TEST_STEP][PASSED] - waitForElementPresent: Element 'Object Repository/REGISTERPAGE/edt/edt Full Name' is present

2018-02-08 11:24:18 - [MESSAGE][WARNING] - Timeout '0' is invalid. Using default page load timeout: '30'

2018-02-08 11:24:18 - [MESSAGE][PASSED] - Element 'Object Repository/REGISTERPAGE/edt/edt Full Name' is present

2018-02-08 11:24:18 - [TEST_STEP][PASSED] - setText: Text 'testdata' has been set to element 'Object Repository/REGISTERPAGE/edt/edt Full Name'

2018-02-08 11:24:18 - [MESSAGE][WARNING] - Timeout '0' is invalid. Using default page load timeout: '30'

2018-02-08 11:24:24 - [MESSAGE][PASSED] - Text 'testdata' has been set to element 'Object Repository/REGISTERPAGE/edt/edt Full Name'

2018-02-08 11:24:24 - [TEST_STEP][PASSED] - waitForElementPresent: Element 'Object Repository/REGISTERPAGE/edt/edt Email Address' is present

2018-02-08 11:24:24 - [MESSAGE][WARNING] - Timeout '0' is invalid. Using default page load timeout: '30'

2018-02-08 11:24:25 - [MESSAGE][PASSED] - Element 'Object Repository/REGISTERPAGE/edt/edt Email Address' is present

2018-02-08 11:24:25 - [TEST_STEP][PASSED] - setText: Text 'psgolf11@gmail.com' has been set to element 'Object Repository/REGISTERPAGE/edt/edt Email Address'

2018-02-08 11:24:25 - [MESSAGE][WARNING] - Timeout '0' is invalid. Using default page load timeout: '30'

2018-02-08 11:24:31 - [MESSAGE][PASSED] - Text 'psgolf11@gmail.com' has been set to element 'Object Repository/REGISTERPAGE/edt/edt Email Address'

2018-02-08 11:24:31 - [TEST_STEP][PASSED] - waitForElementPresent: Element 'Object Repository/REGISTERPAGE/edt/edt Password' is present

2018-02-08 11:24:31 - [MESSAGE][WARNING] - Timeout '0' is invalid. Using default page load timeout: '30'

2018-02-08 11:24:32 - [MESSAGE][PASSED] - Element 'Object Repository/REGISTERPAGE/edt/edt Password' is present

2018-02-08 11:24:32 - [TEST_STEP][PASSED] - setText: Text '123456' has been set to element 'Object Repository/REGISTERPAGE/edt/edt Password'

2018-02-08 11:24:32 - [MESSAGE][WARNING] - Timeout '0' is invalid. Using default page load timeout: '30'

2018-02-08 11:24:39 - [MESSAGE][PASSED] - Text '123456' has been set to element 'Object Repository/REGISTERPAGE/edt/edt Password'

2018-02-08 11:24:39 - [TEST_STEP][PASSED] - scrollToText: Scrolling to text 'Next' successfully

2018-02-08 11:24:45 - [MESSAGE][PASSED] - Scrolling to text 'Next' successfully

2018-02-08 11:24:45 - [TEST_STEP][PASSED] - waitForElementPresent: Element 'Object Repository/REGISTERPAGE/edt/edt RePassword' is present

2018-02-08 11:24:45 - [MESSAGE][WARNING] - Timeout '0' is invalid. Using default page load timeout: '30'

2018-02-08 11:24:45 - [MESSAGE][PASSED] - Element 'Object Repository/REGISTERPAGE/edt/edt RePassword' is present

2018-02-08 11:24:45 - [TEST_STEP][PASSED] - setText: Text '123123' has been set to element 'Object Repository/REGISTERPAGE/edt/edt RePassword'

2018-02-08 11:24:45 - [MESSAGE][WARNING] - Timeout '0' is invalid. Using default page load timeout: '30'

2018-02-08 11:24:53 - [MESSAGE][PASSED] - Text '123123' has been set to element 'Object Repository/REGISTERPAGE/edt/edt RePassword'

2018-02-08 11:24:53 - [TEST_STEP][PASSED] - waitForElementPresent: Element 'Object Repository/REGISTERPAGE/checkbox/checkbox Agreement' is present

2018-02-08 11:24:53 - [MESSAGE][WARNING] - Timeout '0' is invalid. Using default page load timeout: '30'

2018-02-08 11:24:53 - [MESSAGE][PASSED] - Element 'Object Repository/REGISTERPAGE/checkbox/checkbox Agreement' is present

2018-02-08 11:24:53 - [TEST_STEP][PASSED] - tap: Tapped on element 'Object Repository/REGISTERPAGE/checkbox/checkbox Agreement'

2018-02-08 11:24:53 - [MESSAGE][WARNING] - Timeout '0' is invalid. Using default page load timeout: '30'

2018-02-08 11:24:54 - [MESSAGE][PASSED] - Tapped on element 'Object Repository/REGISTERPAGE/checkbox/checkbox Agreement'

2018-02-08 11:24:54 - [TEST_STEP][PASSED] - waitForElementPresent: Element 'Object Repository/REGISTERPAGE/btn/btn Next' is present

2018-02-08 11:24:54 - [MESSAGE][WARNING] - Timeout '0' is invalid. Using default page load timeout: '30'

2018-02-08 11:24:54 - [MESSAGE][PASSED] - Element 'Object Repository/REGISTERPAGE/btn/btn Next' is present

2018-02-08 11:24:54 - [TEST_STEP][PASSED] - tap: Tapped on element 'Object Repository/REGISTERPAGE/btn/btn Next'

2018-02-08 11:24:54 - [MESSAGE][WARNING] - Timeout '0' is invalid. Using default page load timeout: '30'

2018-02-08 11:24:55 - [MESSAGE][PASSED] - Tapped on element 'Object Repository/REGISTERPAGE/btn/btn Next'

2018-02-08 11:24:55 - [TEST_STEP][PASSED] - scrollToText: Scrolling to text 'Your passwords are not match' successfully

2018-02-08 11:24:56 - [MESSAGE][PASSED] - Scrolling to text 'Your passwords are not match' successfully

2018-02-08 11:24:56 - [TEST_STEP][PASSED] - delay: Delayed 2 second(s)

2018-02-08 11:24:58 - [MESSAGE][PASSED] - Delayed 2 second(s)

2018-02-08 11:24:58 - [TEST_STEP][PASSED] - closeApplication: Close app successfully

2018-02-08 11:25:01 - [MESSAGE][PASSED] - Close app successfully]]></system-out>
         <system-err><![CDATA[]]></system-err>
      </testcase>
      <testcase name="Test Cases/Authentication/Feature_Register/Register with E-mail/EmailRegister04" classname="Test Cases/Authentication/Feature_Register/Register with E-mail/EmailRegister04" status="PASSED">
         <system-out><![CDATA[2018-02-08 11:25:01 - [TEST_CASE][PASSED] - Test Cases/Authentication/Feature_Register/Register with E-mail/EmailRegister04: Test Cases/Authentication/Feature_Register/Register with E-mail/EmailRegister04

2018-02-08 11:25:01 - [TEST_STEP][PASSED] - startApplication: Started app at: 'C:\Users\iDolphinz\git\Riderr-Test\Andriod\APK\riderr.apk'

2018-02-08 11:25:21 - [MESSAGE][PASSED] - Started app at: 'C:\Users\iDolphinz\git\Riderr-Test\Andriod\APK\riderr.apk'

2018-02-08 11:25:21 - [TEST_STEP][PASSED] - waitForElementPresent: Element 'Object Repository/HOME_PAGE/gotoNavbar' is present

2018-02-08 11:25:21 - [MESSAGE][WARNING] - Timeout '0' is invalid. Using default page load timeout: '30'

2018-02-08 11:25:24 - [MESSAGE][PASSED] - Element 'Object Repository/HOME_PAGE/gotoNavbar' is present

2018-02-08 11:25:24 - [TEST_STEP][PASSED] - tap: Tapped on element 'Object Repository/HOME_PAGE/gotoNavbar'

2018-02-08 11:25:24 - [MESSAGE][WARNING] - Timeout '0' is invalid. Using default page load timeout: '30'

2018-02-08 11:25:25 - [MESSAGE][PASSED] - Tapped on element 'Object Repository/HOME_PAGE/gotoNavbar'

2018-02-08 11:25:25 - [TEST_STEP][PASSED] - waitForElementPresent: Element 'Object Repository/INSIDE_NAVBAR/navbarLogin' is present

2018-02-08 11:25:25 - [MESSAGE][WARNING] - Timeout '0' is invalid. Using default page load timeout: '30'

2018-02-08 11:25:26 - [MESSAGE][PASSED] - Element 'Object Repository/INSIDE_NAVBAR/navbarLogin' is present

2018-02-08 11:25:26 - [TEST_STEP][PASSED] - tap: Tapped on element 'Object Repository/INSIDE_NAVBAR/navbarLogin'

2018-02-08 11:25:26 - [MESSAGE][WARNING] - Timeout '0' is invalid. Using default page load timeout: '30'

2018-02-08 11:25:27 - [MESSAGE][PASSED] - Tapped on element 'Object Repository/INSIDE_NAVBAR/navbarLogin'

2018-02-08 11:25:27 - [TEST_STEP][PASSED] - waitForElementPresent: Element 'Object Repository/LOGINPAGE/txt/txt Register' is present

2018-02-08 11:25:27 - [MESSAGE][WARNING] - Timeout '0' is invalid. Using default page load timeout: '30'

2018-02-08 11:25:28 - [MESSAGE][PASSED] - Element 'Object Repository/LOGINPAGE/txt/txt Register' is present

2018-02-08 11:25:28 - [TEST_STEP][PASSED] - tap: Tapped on element 'Object Repository/LOGINPAGE/txt/txt Register'

2018-02-08 11:25:28 - [MESSAGE][WARNING] - Timeout '0' is invalid. Using default page load timeout: '30'

2018-02-08 11:25:29 - [MESSAGE][PASSED] - Tapped on element 'Object Repository/LOGINPAGE/txt/txt Register'

2018-02-08 11:25:29 - [TEST_STEP][PASSED] - waitForElementPresent: Element 'Object Repository/REGISTERPAGE/Add Profile Image' is present

2018-02-08 11:25:29 - [MESSAGE][WARNING] - Timeout '0' is invalid. Using default page load timeout: '30'

2018-02-08 11:25:30 - [MESSAGE][PASSED] - Element 'Object Repository/REGISTERPAGE/Add Profile Image' is present

2018-02-08 11:25:30 - [TEST_STEP][PASSED] - tap: Tapped on element 'Object Repository/REGISTERPAGE/Add Profile Image'

2018-02-08 11:25:30 - [MESSAGE][WARNING] - Timeout '0' is invalid. Using default page load timeout: '30'

2018-02-08 11:25:30 - [MESSAGE][PASSED] - Tapped on element 'Object Repository/REGISTERPAGE/Add Profile Image'

2018-02-08 11:25:30 - [TEST_STEP][PASSED] - waitForElementPresent: Element 'Object Repository/REGISTERPAGE/txt/txt Choose Gallery' is present

2018-02-08 11:25:30 - [MESSAGE][WARNING] - Timeout '0' is invalid. Using default page load timeout: '30'

2018-02-08 11:25:31 - [MESSAGE][PASSED] - Element 'Object Repository/REGISTERPAGE/txt/txt Choose Gallery' is present

2018-02-08 11:25:31 - [TEST_STEP][PASSED] - tap: Tapped on element 'Object Repository/REGISTERPAGE/txt/txt Choose Gallery'

2018-02-08 11:25:31 - [MESSAGE][WARNING] - Timeout '0' is invalid. Using default page load timeout: '30'

2018-02-08 11:25:32 - [MESSAGE][PASSED] - Tapped on element 'Object Repository/REGISTERPAGE/txt/txt Choose Gallery'

2018-02-08 11:25:32 - [TEST_STEP][PASSED] - waitForElementPresent: Element 'Object Repository/REGISTERPAGE/txt/android.view.View1' is present

2018-02-08 11:25:32 - [MESSAGE][WARNING] - Timeout '0' is invalid. Using default page load timeout: '30'

2018-02-08 11:25:33 - [MESSAGE][PASSED] - Element 'Object Repository/REGISTERPAGE/txt/android.view.View1' is present

2018-02-08 11:25:33 - [TEST_STEP][PASSED] - tap: Tapped on element 'Object Repository/REGISTERPAGE/txt/android.view.View1'

2018-02-08 11:25:33 - [MESSAGE][WARNING] - Timeout '0' is invalid. Using default page load timeout: '30'

2018-02-08 11:25:34 - [MESSAGE][PASSED] - Tapped on element 'Object Repository/REGISTERPAGE/txt/android.view.View1'

2018-02-08 11:25:34 - [TEST_STEP][PASSED] - waitForElementPresent: Element 'Object Repository/REGISTERPAGE/txt/android.view.View1' is present

2018-02-08 11:25:34 - [MESSAGE][WARNING] - Timeout '0' is invalid. Using default page load timeout: '30'

2018-02-08 11:25:35 - [MESSAGE][PASSED] - Element 'Object Repository/REGISTERPAGE/txt/android.view.View1' is present

2018-02-08 11:25:35 - [TEST_STEP][PASSED] - tap: Tapped on element 'Object Repository/REGISTERPAGE/txt/android.view.View1'

2018-02-08 11:25:35 - [MESSAGE][WARNING] - Timeout '0' is invalid. Using default page load timeout: '30'

2018-02-08 11:25:39 - [MESSAGE][PASSED] - Tapped on element 'Object Repository/REGISTERPAGE/txt/android.view.View1'

2018-02-08 11:25:39 - [TEST_STEP][PASSED] - waitForElementPresent: Element 'Object Repository/REGISTERPAGE/txt/txt Done' is present

2018-02-08 11:25:39 - [MESSAGE][WARNING] - Timeout '0' is invalid. Using default page load timeout: '30'

2018-02-08 11:25:40 - [MESSAGE][PASSED] - Element 'Object Repository/REGISTERPAGE/txt/txt Done' is present

2018-02-08 11:25:40 - [TEST_STEP][PASSED] - tap: Tapped on element 'Object Repository/REGISTERPAGE/txt/txt Done'

2018-02-08 11:25:40 - [MESSAGE][WARNING] - Timeout '0' is invalid. Using default page load timeout: '30'

2018-02-08 11:25:40 - [MESSAGE][PASSED] - Tapped on element 'Object Repository/REGISTERPAGE/txt/txt Done'

2018-02-08 11:25:40 - [TEST_STEP][PASSED] - waitForElementPresent: Element 'Object Repository/REGISTERPAGE/edt/edt Full Name' is present

2018-02-08 11:25:40 - [MESSAGE][WARNING] - Timeout '0' is invalid. Using default page load timeout: '30'

2018-02-08 11:25:41 - [MESSAGE][PASSED] - Element 'Object Repository/REGISTERPAGE/edt/edt Full Name' is present

2018-02-08 11:25:41 - [TEST_STEP][PASSED] - setText: Text 'testdata' has been set to element 'Object Repository/REGISTERPAGE/edt/edt Full Name'

2018-02-08 11:25:41 - [MESSAGE][WARNING] - Timeout '0' is invalid. Using default page load timeout: '30'

2018-02-08 11:25:47 - [MESSAGE][PASSED] - Text 'testdata' has been set to element 'Object Repository/REGISTERPAGE/edt/edt Full Name'

2018-02-08 11:25:47 - [TEST_STEP][PASSED] - waitForElementPresent: Element 'Object Repository/REGISTERPAGE/edt/edt Email Address' is present

2018-02-08 11:25:47 - [MESSAGE][WARNING] - Timeout '0' is invalid. Using default page load timeout: '30'

2018-02-08 11:25:48 - [MESSAGE][PASSED] - Element 'Object Repository/REGISTERPAGE/edt/edt Email Address' is present

2018-02-08 11:25:48 - [TEST_STEP][PASSED] - setText: Text 'psgolf11@gmail.com' has been set to element 'Object Repository/REGISTERPAGE/edt/edt Email Address'

2018-02-08 11:25:48 - [MESSAGE][WARNING] - Timeout '0' is invalid. Using default page load timeout: '30'

2018-02-08 11:25:54 - [MESSAGE][PASSED] - Text 'psgolf11@gmail.com' has been set to element 'Object Repository/REGISTERPAGE/edt/edt Email Address'

2018-02-08 11:25:54 - [TEST_STEP][PASSED] - waitForElementPresent: Element 'Object Repository/REGISTERPAGE/edt/edt Password' is present

2018-02-08 11:25:54 - [MESSAGE][WARNING] - Timeout '0' is invalid. Using default page load timeout: '30'

2018-02-08 11:25:54 - [MESSAGE][PASSED] - Element 'Object Repository/REGISTERPAGE/edt/edt Password' is present

2018-02-08 11:25:54 - [TEST_STEP][PASSED] - setText: Text '12' has been set to element 'Object Repository/REGISTERPAGE/edt/edt Password'

2018-02-08 11:25:54 - [MESSAGE][WARNING] - Timeout '0' is invalid. Using default page load timeout: '30'

2018-02-08 11:26:02 - [MESSAGE][PASSED] - Text '12' has been set to element 'Object Repository/REGISTERPAGE/edt/edt Password'

2018-02-08 11:26:02 - [TEST_STEP][PASSED] - scrollToText: Scrolling to text 'Next' successfully

2018-02-08 11:26:08 - [MESSAGE][PASSED] - Scrolling to text 'Next' successfully

2018-02-08 11:26:08 - [TEST_STEP][PASSED] - waitForElementPresent: Element 'Object Repository/REGISTERPAGE/edt/edt RePassword' is present

2018-02-08 11:26:08 - [MESSAGE][WARNING] - Timeout '0' is invalid. Using default page load timeout: '30'

2018-02-08 11:26:08 - [MESSAGE][PASSED] - Element 'Object Repository/REGISTERPAGE/edt/edt RePassword' is present

2018-02-08 11:26:08 - [TEST_STEP][PASSED] - setText: Text '12' has been set to element 'Object Repository/REGISTERPAGE/edt/edt RePassword'

2018-02-08 11:26:08 - [MESSAGE][WARNING] - Timeout '0' is invalid. Using default page load timeout: '30'

2018-02-08 11:26:16 - [MESSAGE][PASSED] - Text '12' has been set to element 'Object Repository/REGISTERPAGE/edt/edt RePassword'

2018-02-08 11:26:16 - [TEST_STEP][PASSED] - waitForElementPresent: Element 'Object Repository/REGISTERPAGE/checkbox/checkbox Agreement' is present

2018-02-08 11:26:16 - [MESSAGE][WARNING] - Timeout '0' is invalid. Using default page load timeout: '30'

2018-02-08 11:26:16 - [MESSAGE][PASSED] - Element 'Object Repository/REGISTERPAGE/checkbox/checkbox Agreement' is present

2018-02-08 11:26:16 - [TEST_STEP][PASSED] - tap: Tapped on element 'Object Repository/REGISTERPAGE/checkbox/checkbox Agreement'

2018-02-08 11:26:16 - [MESSAGE][WARNING] - Timeout '0' is invalid. Using default page load timeout: '30'

2018-02-08 11:26:17 - [MESSAGE][PASSED] - Tapped on element 'Object Repository/REGISTERPAGE/checkbox/checkbox Agreement'

2018-02-08 11:26:17 - [TEST_STEP][PASSED] - waitForElementPresent: Element 'Object Repository/REGISTERPAGE/btn/btn Next' is present

2018-02-08 11:26:17 - [MESSAGE][WARNING] - Timeout '0' is invalid. Using default page load timeout: '30'

2018-02-08 11:26:17 - [MESSAGE][PASSED] - Element 'Object Repository/REGISTERPAGE/btn/btn Next' is present

2018-02-08 11:26:17 - [TEST_STEP][PASSED] - tap: Tapped on element 'Object Repository/REGISTERPAGE/btn/btn Next'

2018-02-08 11:26:17 - [MESSAGE][WARNING] - Timeout '0' is invalid. Using default page load timeout: '30'

2018-02-08 11:26:18 - [MESSAGE][PASSED] - Tapped on element 'Object Repository/REGISTERPAGE/btn/btn Next'

2018-02-08 11:26:18 - [TEST_STEP][PASSED] - scrollToText: Scrolling to text 'Your password must be 6–30 characters length.' successfully

2018-02-08 11:26:19 - [MESSAGE][PASSED] - Scrolling to text 'Your password must be 6–30 characters length.' successfully

2018-02-08 11:26:19 - [TEST_STEP][PASSED] - delay: Delayed 2 second(s)

2018-02-08 11:26:21 - [MESSAGE][PASSED] - Delayed 2 second(s)

2018-02-08 11:26:21 - [TEST_STEP][PASSED] - closeApplication: Close app successfully

2018-02-08 11:26:24 - [MESSAGE][PASSED] - Close app successfully]]></system-out>
         <system-err><![CDATA[]]></system-err>
      </testcase>
      <testcase name="Test Cases/Authentication/Feature_Register/Register with E-mail/EmailRegister05" classname="Test Cases/Authentication/Feature_Register/Register with E-mail/EmailRegister05" status="PASSED">
         <system-out><![CDATA[2018-02-08 11:26:24 - [TEST_CASE][PASSED] - Test Cases/Authentication/Feature_Register/Register with E-mail/EmailRegister05: Test Cases/Authentication/Feature_Register/Register with E-mail/EmailRegister05

2018-02-08 11:26:24 - [TEST_STEP][PASSED] - startApplication: Started app at: 'C:\Users\iDolphinz\git\Riderr-Test\Andriod\APK\riderr.apk'

2018-02-08 11:26:44 - [MESSAGE][PASSED] - Started app at: 'C:\Users\iDolphinz\git\Riderr-Test\Andriod\APK\riderr.apk'

2018-02-08 11:26:44 - [TEST_STEP][PASSED] - waitForElementPresent: Element 'Object Repository/HOME_PAGE/gotoNavbar' is present

2018-02-08 11:26:44 - [MESSAGE][WARNING] - Timeout '0' is invalid. Using default page load timeout: '30'

2018-02-08 11:26:48 - [MESSAGE][PASSED] - Element 'Object Repository/HOME_PAGE/gotoNavbar' is present

2018-02-08 11:26:48 - [TEST_STEP][PASSED] - tap: Tapped on element 'Object Repository/HOME_PAGE/gotoNavbar'

2018-02-08 11:26:48 - [MESSAGE][WARNING] - Timeout '0' is invalid. Using default page load timeout: '30'

2018-02-08 11:26:48 - [MESSAGE][PASSED] - Tapped on element 'Object Repository/HOME_PAGE/gotoNavbar'

2018-02-08 11:26:48 - [TEST_STEP][PASSED] - waitForElementPresent: Element 'Object Repository/INSIDE_NAVBAR/navbarLogin' is present

2018-02-08 11:26:48 - [MESSAGE][WARNING] - Timeout '0' is invalid. Using default page load timeout: '30'

2018-02-08 11:26:49 - [MESSAGE][PASSED] - Element 'Object Repository/INSIDE_NAVBAR/navbarLogin' is present

2018-02-08 11:26:49 - [TEST_STEP][PASSED] - tap: Tapped on element 'Object Repository/INSIDE_NAVBAR/navbarLogin'

2018-02-08 11:26:49 - [MESSAGE][WARNING] - Timeout '0' is invalid. Using default page load timeout: '30'

2018-02-08 11:26:50 - [MESSAGE][PASSED] - Tapped on element 'Object Repository/INSIDE_NAVBAR/navbarLogin'

2018-02-08 11:26:50 - [TEST_STEP][PASSED] - waitForElementPresent: Element 'Object Repository/LOGINPAGE/txt/txt Register' is present

2018-02-08 11:26:50 - [MESSAGE][WARNING] - Timeout '0' is invalid. Using default page load timeout: '30'

2018-02-08 11:26:52 - [MESSAGE][PASSED] - Element 'Object Repository/LOGINPAGE/txt/txt Register' is present

2018-02-08 11:26:52 - [TEST_STEP][PASSED] - tap: Tapped on element 'Object Repository/LOGINPAGE/txt/txt Register'

2018-02-08 11:26:52 - [MESSAGE][WARNING] - Timeout '0' is invalid. Using default page load timeout: '30'

2018-02-08 11:26:53 - [MESSAGE][PASSED] - Tapped on element 'Object Repository/LOGINPAGE/txt/txt Register'

2018-02-08 11:26:53 - [TEST_STEP][PASSED] - waitForElementPresent: Element 'Object Repository/REGISTERPAGE/Add Profile Image' is present

2018-02-08 11:26:53 - [MESSAGE][WARNING] - Timeout '0' is invalid. Using default page load timeout: '30'

2018-02-08 11:26:53 - [MESSAGE][PASSED] - Element 'Object Repository/REGISTERPAGE/Add Profile Image' is present

2018-02-08 11:26:53 - [TEST_STEP][PASSED] - scrollToText: Scrolling to text 'Next' successfully

2018-02-08 11:26:59 - [MESSAGE][PASSED] - Scrolling to text 'Next' successfully

2018-02-08 11:26:59 - [TEST_STEP][PASSED] - waitForElementPresent: Element 'Object Repository/REGISTERPAGE/checkbox/checkbox Agreement' is present

2018-02-08 11:26:59 - [MESSAGE][WARNING] - Timeout '0' is invalid. Using default page load timeout: '30'

2018-02-08 11:27:00 - [MESSAGE][PASSED] - Element 'Object Repository/REGISTERPAGE/checkbox/checkbox Agreement' is present

2018-02-08 11:27:00 - [TEST_STEP][PASSED] - tap: Tapped on element 'Object Repository/REGISTERPAGE/checkbox/checkbox Agreement'

2018-02-08 11:27:00 - [MESSAGE][WARNING] - Timeout '0' is invalid. Using default page load timeout: '30'

2018-02-08 11:27:00 - [MESSAGE][PASSED] - Tapped on element 'Object Repository/REGISTERPAGE/checkbox/checkbox Agreement'

2018-02-08 11:27:00 - [TEST_STEP][PASSED] - waitForElementPresent: Element 'Object Repository/REGISTERPAGE/btn/btn Next' is present

2018-02-08 11:27:00 - [MESSAGE][WARNING] - Timeout '0' is invalid. Using default page load timeout: '30'

2018-02-08 11:27:00 - [MESSAGE][PASSED] - Element 'Object Repository/REGISTERPAGE/btn/btn Next' is present

2018-02-08 11:27:00 - [TEST_STEP][PASSED] - tap: Tapped on element 'Object Repository/REGISTERPAGE/btn/btn Next'

2018-02-08 11:27:00 - [MESSAGE][WARNING] - Timeout '0' is invalid. Using default page load timeout: '30'

2018-02-08 11:27:01 - [MESSAGE][PASSED] - Tapped on element 'Object Repository/REGISTERPAGE/btn/btn Next'

2018-02-08 11:27:01 - [TEST_STEP][PASSED] - scrollToText: Scrolling to text 'Required Profile Image' successfully

2018-02-08 11:27:02 - [MESSAGE][PASSED] - Scrolling to text 'Required Profile Image' successfully

2018-02-08 11:27:02 - [TEST_STEP][PASSED] - scrollToText: Scrolling to text 'Required Full Name' successfully

2018-02-08 11:27:03 - [MESSAGE][PASSED] - Scrolling to text 'Required Full Name' successfully

2018-02-08 11:27:04 - [TEST_STEP][PASSED] - scrollToText: Scrolling to text 'Required Email Address' successfully

2018-02-08 11:27:05 - [MESSAGE][PASSED] - Scrolling to text 'Required Email Address' successfully

2018-02-08 11:27:05 - [TEST_STEP][PASSED] - scrollToText: Scrolling to text 'Required Password' successfully

2018-02-08 11:27:11 - [MESSAGE][PASSED] - Scrolling to text 'Required Password' successfully

2018-02-08 11:27:12 - [TEST_STEP][PASSED] - scrollToText: Scrolling to text 'Required Retype New Password' successfully

2018-02-08 11:27:13 - [MESSAGE][PASSED] - Scrolling to text 'Required Retype New Password' successfully

2018-02-08 11:27:13 - [TEST_STEP][PASSED] - delay: Delayed 2 second(s)

2018-02-08 11:27:15 - [MESSAGE][PASSED] - Delayed 2 second(s)

2018-02-08 11:27:15 - [TEST_STEP][PASSED] - closeApplication: Close app successfully

2018-02-08 11:27:18 - [MESSAGE][PASSED] - Close app successfully]]></system-out>
         <system-err><![CDATA[]]></system-err>
      </testcase>
      <system-out><![CDATA[2018-02-08 11:20:52 - [TEST_SUITE][PASSED] - TS_Register with E-mail: Test Cases/Authentication/Feature_Register/Register with E-mail/EmailRegister05]]></system-out>
      <system-err><![CDATA[]]></system-err>
   </testsuite>
</testsuites>
