<?xml version="1.0" encoding="UTF-8"?>
<testsuites name="TS_Home" time="172" tests="3" failures="0" errors="0">
   <testsuite name="TS_Home" tests="3" failures="0" errors="0" time="172" timestamp="2018-02-09 15:36:23" hostname="iDolphinz - DESKTOP-HF6P904" id="Test Suites/Home/TS_Home">
      <properties>
         <property name="deviceName" value="unknown Google Nexus 5 - 5.1.0 - API 22 - 1080x1920 (Android 5.1)"/>
         <property name="devicePlatform" value=""/>
         <property name="logFolder" value="C:\\Users\\iDolphinz\\git\\Riderr-Test\\Andriod\\Reports\\Home\\TS_Home\\20180209_153615"/>
         <property name="logFiles" value="C:\\Users\\iDolphinz\\git\\Riderr-Test\\Andriod\\Reports\\Home\\TS_Home\\20180209_153615\\appium.log, C:\\Users\\iDolphinz\\git\\Riderr-Test\\Andriod\\Reports\\Home\\TS_Home\\20180209_153615\\execution0.log"/>
         <property name="attachments" value=""/>
         <property name="hostName" value="iDolphinz - DESKTOP-HF6P904"/>
         <property name="os" value="Windows 10 64bit"/>
         <property name="katalonVersion" value="5.3.0.1"/>
         <property name="deviceOS" value="Android"/>
         <property name="appiumVersion" value="1.7.2"/>
         <property name="deviceModel" value="Google Nexus 5 - 5.1.0 - API 22 - 1080x1920"/>
         <property name="hostAddress" value="192.168.29.2"/>
         <property name="deviceManufacturer" value="unknown"/>
         <property name="deviceId" value="192.168.29.101:5555"/>
         <property name="deviceName" value="unknown Google Nexus 5 - 5.1.0 - API 22 - 1080x1920 (Android 5.1)"/>
         <property name="deviceOSVersion" value="5.1"/>
      </properties>
      <testcase name="Test Cases/Home/HomeMain01" classname="Test Cases/Home/HomeMain01" status="PASSED">
         <system-out><![CDATA[2018-02-09 15:36:24 - [TEST_CASE][PASSED] - Test Cases/Home/HomeMain01: Test Cases/Home/HomeMain01

2018-02-09 15:36:24 - [TEST_STEP][PASSED] - startApplication: Started app at: 'C:\Users\iDolphinz\git\Riderr-Test\Andriod\APK\riderr.apk'

2018-02-09 15:36:45 - [MESSAGE][PASSED] - Started app at: 'C:\Users\iDolphinz\git\Riderr-Test\Andriod\APK\riderr.apk'

2018-02-09 15:36:45 - [TEST_STEP][PASSED] - waitForElementPresent: Element 'Object Repository/HOME_PAGE/gotoNavbar' is present

2018-02-09 15:36:45 - [MESSAGE][WARNING] - Timeout '0' is invalid. Using default page load timeout: '30'

2018-02-09 15:36:48 - [MESSAGE][PASSED] - Element 'Object Repository/HOME_PAGE/gotoNavbar' is present

2018-02-09 15:36:48 - [TEST_STEP][PASSED] - tap: Tapped on element 'Object Repository/HOME_PAGE/gotoNavbar'

2018-02-09 15:36:48 - [MESSAGE][WARNING] - Timeout '0' is invalid. Using default page load timeout: '30'

2018-02-09 15:36:49 - [MESSAGE][PASSED] - Tapped on element 'Object Repository/HOME_PAGE/gotoNavbar'

2018-02-09 15:36:49 - [TEST_STEP][PASSED] - waitForElementPresent: Element 'Object Repository/INSIDE_NAVBAR/navbarExpert' is present

2018-02-09 15:36:49 - [MESSAGE][WARNING] - Timeout '0' is invalid. Using default page load timeout: '30'

2018-02-09 15:36:50 - [MESSAGE][PASSED] - Element 'Object Repository/INSIDE_NAVBAR/navbarExpert' is present

2018-02-09 15:36:50 - [TEST_STEP][PASSED] - tap: Tapped on element 'Object Repository/INSIDE_NAVBAR/navbarExpert'

2018-02-09 15:36:50 - [MESSAGE][WARNING] - Timeout '0' is invalid. Using default page load timeout: '30'

2018-02-09 15:36:51 - [MESSAGE][PASSED] - Tapped on element 'Object Repository/INSIDE_NAVBAR/navbarExpert'

2018-02-09 15:36:51 - [TEST_STEP][PASSED] - waitForElementPresent: Element 'Object Repository/EXPERT_PAGE/gotoNavbar' is present

2018-02-09 15:36:51 - [MESSAGE][WARNING] - Timeout '0' is invalid. Using default page load timeout: '30'

2018-02-09 15:36:53 - [MESSAGE][PASSED] - Element 'Object Repository/EXPERT_PAGE/gotoNavbar' is present

2018-02-09 15:36:53 - [TEST_STEP][PASSED] - tap: Tapped on element 'Object Repository/EXPERT_PAGE/gotoNavbar'

2018-02-09 15:36:53 - [MESSAGE][WARNING] - Timeout '0' is invalid. Using default page load timeout: '30'

2018-02-09 15:36:53 - [MESSAGE][PASSED] - Tapped on element 'Object Repository/EXPERT_PAGE/gotoNavbar'

2018-02-09 15:36:53 - [TEST_STEP][PASSED] - waitForElementPresent: Element 'Object Repository/INSIDE_NAVBAR/navbarContest' is present

2018-02-09 15:36:53 - [MESSAGE][WARNING] - Timeout '0' is invalid. Using default page load timeout: '30'

2018-02-09 15:36:54 - [MESSAGE][PASSED] - Element 'Object Repository/INSIDE_NAVBAR/navbarContest' is present

2018-02-09 15:36:54 - [TEST_STEP][PASSED] - tap: Tapped on element 'Object Repository/INSIDE_NAVBAR/navbarContest'

2018-02-09 15:36:54 - [MESSAGE][WARNING] - Timeout '0' is invalid. Using default page load timeout: '30'

2018-02-09 15:36:55 - [MESSAGE][PASSED] - Tapped on element 'Object Repository/INSIDE_NAVBAR/navbarContest'

2018-02-09 15:36:55 - [TEST_STEP][PASSED] - waitForElementPresent: Element 'Object Repository/CONTEST_PAGE/gotoNavbar' is present

2018-02-09 15:36:55 - [MESSAGE][WARNING] - Timeout '0' is invalid. Using default page load timeout: '30'

2018-02-09 15:36:56 - [MESSAGE][PASSED] - Element 'Object Repository/CONTEST_PAGE/gotoNavbar' is present

2018-02-09 15:36:56 - [TEST_STEP][PASSED] - tap: Tapped on element 'Object Repository/CONTEST_PAGE/gotoNavbar'

2018-02-09 15:36:56 - [MESSAGE][WARNING] - Timeout '0' is invalid. Using default page load timeout: '30'

2018-02-09 15:36:56 - [MESSAGE][PASSED] - Tapped on element 'Object Repository/CONTEST_PAGE/gotoNavbar'

2018-02-09 15:36:56 - [TEST_STEP][PASSED] - waitForElementPresent: Element 'Object Repository/INSIDE_NAVBAR/navbarEvent' is present

2018-02-09 15:36:56 - [MESSAGE][WARNING] - Timeout '0' is invalid. Using default page load timeout: '30'

2018-02-09 15:36:58 - [MESSAGE][PASSED] - Element 'Object Repository/INSIDE_NAVBAR/navbarEvent' is present

2018-02-09 15:36:58 - [TEST_STEP][PASSED] - tap: Tapped on element 'Object Repository/INSIDE_NAVBAR/navbarEvent'

2018-02-09 15:36:58 - [MESSAGE][WARNING] - Timeout '0' is invalid. Using default page load timeout: '30'

2018-02-09 15:36:58 - [MESSAGE][PASSED] - Tapped on element 'Object Repository/INSIDE_NAVBAR/navbarEvent'

2018-02-09 15:36:58 - [TEST_STEP][PASSED] - waitForElementPresent: Element 'Object Repository/EVENT_PAGE/gotoNavbar' is present

2018-02-09 15:36:58 - [MESSAGE][WARNING] - Timeout '0' is invalid. Using default page load timeout: '30'

2018-02-09 15:37:05 - [MESSAGE][PASSED] - Element 'Object Repository/EVENT_PAGE/gotoNavbar' is present

2018-02-09 15:37:05 - [TEST_STEP][PASSED] - tap: Tapped on element 'Object Repository/EVENT_PAGE/gotoNavbar'

2018-02-09 15:37:05 - [MESSAGE][WARNING] - Timeout '0' is invalid. Using default page load timeout: '30'

2018-02-09 15:37:05 - [MESSAGE][PASSED] - Tapped on element 'Object Repository/EVENT_PAGE/gotoNavbar'

2018-02-09 15:37:05 - [TEST_STEP][PASSED] - waitForElementPresent: Element 'Object Repository/INSIDE_NAVBAR/navbarBlog' is present

2018-02-09 15:37:05 - [MESSAGE][WARNING] - Timeout '0' is invalid. Using default page load timeout: '30'

2018-02-09 15:37:06 - [MESSAGE][PASSED] - Element 'Object Repository/INSIDE_NAVBAR/navbarBlog' is present

2018-02-09 15:37:06 - [TEST_STEP][PASSED] - tap: Tapped on element 'Object Repository/INSIDE_NAVBAR/navbarBlog'

2018-02-09 15:37:06 - [MESSAGE][WARNING] - Timeout '0' is invalid. Using default page load timeout: '30'

2018-02-09 15:37:06 - [MESSAGE][PASSED] - Tapped on element 'Object Repository/INSIDE_NAVBAR/navbarBlog'

2018-02-09 15:37:06 - [TEST_STEP][PASSED] - waitForElementPresent: Element 'Object Repository/BLOG_PAGE/gotoNavbar' is present

2018-02-09 15:37:06 - [MESSAGE][WARNING] - Timeout '0' is invalid. Using default page load timeout: '30'

2018-02-09 15:37:07 - [MESSAGE][PASSED] - Element 'Object Repository/BLOG_PAGE/gotoNavbar' is present

2018-02-09 15:37:07 - [TEST_STEP][PASSED] - tap: Tapped on element 'Object Repository/BLOG_PAGE/gotoNavbar'

2018-02-09 15:37:07 - [MESSAGE][WARNING] - Timeout '0' is invalid. Using default page load timeout: '30'

2018-02-09 15:37:08 - [MESSAGE][PASSED] - Tapped on element 'Object Repository/BLOG_PAGE/gotoNavbar'

2018-02-09 15:37:08 - [TEST_STEP][PASSED] - waitForElementPresent: Element 'Object Repository/INSIDE_NAVBAR/navbarHome' is present

2018-02-09 15:37:08 - [MESSAGE][WARNING] - Timeout '0' is invalid. Using default page load timeout: '30'

2018-02-09 15:37:09 - [MESSAGE][PASSED] - Element 'Object Repository/INSIDE_NAVBAR/navbarHome' is present

2018-02-09 15:37:09 - [TEST_STEP][PASSED] - tap: Tapped on element 'Object Repository/INSIDE_NAVBAR/navbarHome'

2018-02-09 15:37:09 - [MESSAGE][WARNING] - Timeout '0' is invalid. Using default page load timeout: '30'

2018-02-09 15:37:09 - [MESSAGE][PASSED] - Tapped on element 'Object Repository/INSIDE_NAVBAR/navbarHome'

2018-02-09 15:37:09 - [TEST_STEP][PASSED] - waitForElementPresent: Element 'Object Repository/HOME_PAGE/gotoNavbar' is present

2018-02-09 15:37:09 - [MESSAGE][WARNING] - Timeout '0' is invalid. Using default page load timeout: '30'

2018-02-09 15:37:11 - [MESSAGE][PASSED] - Element 'Object Repository/HOME_PAGE/gotoNavbar' is present

2018-02-09 15:37:11 - [TEST_STEP][PASSED] - tap: Tapped on element 'Object Repository/HOME_PAGE/gotoNavbar'

2018-02-09 15:37:11 - [MESSAGE][WARNING] - Timeout '0' is invalid. Using default page load timeout: '30'

2018-02-09 15:37:12 - [MESSAGE][PASSED] - Tapped on element 'Object Repository/HOME_PAGE/gotoNavbar'

2018-02-09 15:37:12 - [TEST_STEP][PASSED] - waitForElementPresent: Element 'Object Repository/INSIDE_NAVBAR/navbarLogin' is present

2018-02-09 15:37:12 - [MESSAGE][WARNING] - Timeout '0' is invalid. Using default page load timeout: '30'

2018-02-09 15:37:13 - [MESSAGE][PASSED] - Element 'Object Repository/INSIDE_NAVBAR/navbarLogin' is present

2018-02-09 15:37:13 - [TEST_STEP][PASSED] - delay: Delayed 2 second(s)

2018-02-09 15:37:15 - [MESSAGE][PASSED] - Delayed 2 second(s)

2018-02-09 15:37:15 - [TEST_STEP][PASSED] - closeApplication: Close app successfully

2018-02-09 15:37:17 - [MESSAGE][PASSED] - Close app successfully]]></system-out>
         <system-err><![CDATA[]]></system-err>
      </testcase>
      <testcase name="Test Cases/Home/HomeMain02" classname="Test Cases/Home/HomeMain02" status="PASSED">
         <system-out><![CDATA[2018-02-09 15:37:17 - [TEST_CASE][PASSED] - Test Cases/Home/HomeMain02: Test Cases/Home/HomeMain02

2018-02-09 15:37:18 - [TEST_STEP][PASSED] - startApplication: Started app at: 'C:\Users\iDolphinz\git\Riderr-Test\Andriod\APK\riderr.apk'

2018-02-09 15:37:32 - [MESSAGE][PASSED] - Started app at: 'C:\Users\iDolphinz\git\Riderr-Test\Andriod\APK\riderr.apk'

2018-02-09 15:37:32 - [TEST_STEP][PASSED] - waitForElementPresent: Element 'Object Repository/HOME_PAGE/gotoNavbar' is present

2018-02-09 15:37:32 - [MESSAGE][WARNING] - Timeout '0' is invalid. Using default page load timeout: '30'

2018-02-09 15:37:34 - [MESSAGE][PASSED] - Element 'Object Repository/HOME_PAGE/gotoNavbar' is present

2018-02-09 15:37:34 - [TEST_STEP][PASSED] - tap: Tapped on element 'Object Repository/HOME_PAGE/gotoNavbar'

2018-02-09 15:37:35 - [MESSAGE][WARNING] - Timeout '0' is invalid. Using default page load timeout: '30'

2018-02-09 15:37:35 - [MESSAGE][PASSED] - Tapped on element 'Object Repository/HOME_PAGE/gotoNavbar'

2018-02-09 15:37:35 - [TEST_STEP][PASSED] - waitForElementPresent: Element 'Object Repository/INSIDE_NAVBAR/navbarLogin' is present

2018-02-09 15:37:35 - [MESSAGE][WARNING] - Timeout '0' is invalid. Using default page load timeout: '30'

2018-02-09 15:37:36 - [MESSAGE][PASSED] - Element 'Object Repository/INSIDE_NAVBAR/navbarLogin' is present

2018-02-09 15:37:36 - [TEST_STEP][PASSED] - tap: Tapped on element 'Object Repository/INSIDE_NAVBAR/navbarLogin'

2018-02-09 15:37:36 - [MESSAGE][WARNING] - Timeout '0' is invalid. Using default page load timeout: '30'

2018-02-09 15:37:37 - [MESSAGE][PASSED] - Tapped on element 'Object Repository/INSIDE_NAVBAR/navbarLogin'

2018-02-09 15:37:37 - [TEST_STEP][PASSED] - waitForElementPresent: Element 'Object Repository/LOGINPAGE/edt/edt Email Address' is present

2018-02-09 15:37:37 - [MESSAGE][WARNING] - Timeout '0' is invalid. Using default page load timeout: '30'

2018-02-09 15:37:38 - [MESSAGE][PASSED] - Element 'Object Repository/LOGINPAGE/edt/edt Email Address' is present

2018-02-09 15:37:38 - [TEST_STEP][PASSED] - setText: Text 'psgolf11@gmail.com' has been set to element 'Object Repository/LOGINPAGE/edt/edt Email Address'

2018-02-09 15:37:38 - [MESSAGE][WARNING] - Timeout '0' is invalid. Using default page load timeout: '30'

2018-02-09 15:37:46 - [MESSAGE][PASSED] - Text 'psgolf11@gmail.com' has been set to element 'Object Repository/LOGINPAGE/edt/edt Email Address'

2018-02-09 15:37:46 - [TEST_STEP][PASSED] - waitForElementPresent: Element 'Object Repository/LOGINPAGE/edt/edt Password' is present

2018-02-09 15:37:47 - [MESSAGE][WARNING] - Timeout '0' is invalid. Using default page load timeout: '30'

2018-02-09 15:37:47 - [MESSAGE][PASSED] - Element 'Object Repository/LOGINPAGE/edt/edt Password' is present

2018-02-09 15:37:47 - [TEST_STEP][PASSED] - setText: Text '123123' has been set to element 'Object Repository/LOGINPAGE/edt/edt Password'

2018-02-09 15:37:47 - [MESSAGE][WARNING] - Timeout '0' is invalid. Using default page load timeout: '30'

2018-02-09 15:37:53 - [MESSAGE][PASSED] - Text '123123' has been set to element 'Object Repository/LOGINPAGE/edt/edt Password'

2018-02-09 15:37:53 - [TEST_STEP][PASSED] - waitForElementPresent: Element 'Object Repository/LOGINPAGE/btn/btn Log In' is present

2018-02-09 15:37:53 - [MESSAGE][WARNING] - Timeout '0' is invalid. Using default page load timeout: '30'

2018-02-09 15:37:54 - [MESSAGE][PASSED] - Element 'Object Repository/LOGINPAGE/btn/btn Log In' is present

2018-02-09 15:37:54 - [TEST_STEP][PASSED] - tap: Tapped on element 'Object Repository/LOGINPAGE/btn/btn Log In'

2018-02-09 15:37:54 - [MESSAGE][WARNING] - Timeout '0' is invalid. Using default page load timeout: '30'

2018-02-09 15:37:54 - [MESSAGE][PASSED] - Tapped on element 'Object Repository/LOGINPAGE/btn/btn Log In'

2018-02-09 15:37:54 - [TEST_STEP][PASSED] - waitForElementPresent: Element 'Object Repository/HOME_PAGE/gotoNavbar' is present

2018-02-09 15:37:54 - [MESSAGE][WARNING] - Timeout '0' is invalid. Using default page load timeout: '30'

2018-02-09 15:37:55 - [MESSAGE][PASSED] - Element 'Object Repository/HOME_PAGE/gotoNavbar' is present

2018-02-09 15:37:55 - [TEST_STEP][PASSED] - tap: Tapped on element 'Object Repository/HOME_PAGE/gotoNavbar'

2018-02-09 15:37:55 - [MESSAGE][WARNING] - Timeout '0' is invalid. Using default page load timeout: '30'

2018-02-09 15:37:58 - [MESSAGE][PASSED] - Tapped on element 'Object Repository/HOME_PAGE/gotoNavbar'

2018-02-09 15:37:58 - [TEST_STEP][PASSED] - waitForElementPresent: Element 'Object Repository/INSIDE_NAVBAR/navbarEvent' is present

2018-02-09 15:37:58 - [MESSAGE][WARNING] - Timeout '0' is invalid. Using default page load timeout: '30'

2018-02-09 15:37:59 - [MESSAGE][PASSED] - Element 'Object Repository/INSIDE_NAVBAR/navbarEvent' is present

2018-02-09 15:37:59 - [TEST_STEP][PASSED] - tap: Tapped on element 'Object Repository/INSIDE_NAVBAR/navbarEvent'

2018-02-09 15:37:59 - [MESSAGE][WARNING] - Timeout '0' is invalid. Using default page load timeout: '30'

2018-02-09 15:38:00 - [MESSAGE][PASSED] - Tapped on element 'Object Repository/INSIDE_NAVBAR/navbarEvent'

2018-02-09 15:38:00 - [TEST_STEP][PASSED] - waitForElementPresent: Element 'Object Repository/EVENT_PAGE/gotoNavbar' is present

2018-02-09 15:38:00 - [MESSAGE][WARNING] - Timeout '0' is invalid. Using default page load timeout: '30'

2018-02-09 15:38:01 - [MESSAGE][PASSED] - Element 'Object Repository/EVENT_PAGE/gotoNavbar' is present

2018-02-09 15:38:01 - [TEST_STEP][PASSED] - tap: Tapped on element 'Object Repository/EVENT_PAGE/gotoNavbar'

2018-02-09 15:38:01 - [MESSAGE][WARNING] - Timeout '0' is invalid. Using default page load timeout: '30'

2018-02-09 15:38:01 - [MESSAGE][PASSED] - Tapped on element 'Object Repository/EVENT_PAGE/gotoNavbar'

2018-02-09 15:38:01 - [TEST_STEP][PASSED] - scrollToText: Scrolling to text 'Log out' successfully

2018-02-09 15:38:07 - [MESSAGE][PASSED] - Scrolling to text 'Log out' successfully

2018-02-09 15:38:08 - [TEST_STEP][PASSED] - waitForElementPresent: Element 'Object Repository/INSIDE_NAVBAR/navbarLogout' is present

2018-02-09 15:38:08 - [MESSAGE][WARNING] - Timeout '0' is invalid. Using default page load timeout: '30'

2018-02-09 15:38:08 - [MESSAGE][PASSED] - Element 'Object Repository/INSIDE_NAVBAR/navbarLogout' is present

2018-02-09 15:38:08 - [TEST_STEP][PASSED] - tap: Tapped on element 'Object Repository/INSIDE_NAVBAR/navbarLogout'

2018-02-09 15:38:08 - [MESSAGE][WARNING] - Timeout '0' is invalid. Using default page load timeout: '30'

2018-02-09 15:38:08 - [MESSAGE][PASSED] - Tapped on element 'Object Repository/INSIDE_NAVBAR/navbarLogout'

2018-02-09 15:38:08 - [TEST_STEP][PASSED] - waitForElementPresent: Element 'Object Repository/INSIDE_NAVBAR/LOGOUT/btn OK' is present

2018-02-09 15:38:08 - [MESSAGE][WARNING] - Timeout '0' is invalid. Using default page load timeout: '30'

2018-02-09 15:38:09 - [MESSAGE][PASSED] - Element 'Object Repository/INSIDE_NAVBAR/LOGOUT/btn OK' is present

2018-02-09 15:38:09 - [TEST_STEP][PASSED] - tap: Tapped on element 'Object Repository/INSIDE_NAVBAR/LOGOUT/btn OK'

2018-02-09 15:38:09 - [MESSAGE][WARNING] - Timeout '0' is invalid. Using default page load timeout: '30'

2018-02-09 15:38:10 - [MESSAGE][PASSED] - Tapped on element 'Object Repository/INSIDE_NAVBAR/LOGOUT/btn OK'

2018-02-09 15:38:10 - [TEST_STEP][PASSED] - scrollToText: Scrolling to text 'Home' successfully

2018-02-09 15:38:13 - [MESSAGE][PASSED] - Scrolling to text 'Home' successfully

2018-02-09 15:38:13 - [TEST_STEP][PASSED] - waitForElementPresent: Element 'Object Repository/HOME_PAGE/gotoNavbar' is present

2018-02-09 15:38:13 - [MESSAGE][WARNING] - Timeout '0' is invalid. Using default page load timeout: '30'

2018-02-09 15:38:13 - [MESSAGE][PASSED] - Element 'Object Repository/HOME_PAGE/gotoNavbar' is present

2018-02-09 15:38:13 - [TEST_STEP][PASSED] - tap: Tapped on element 'Object Repository/HOME_PAGE/gotoNavbar'

2018-02-09 15:38:13 - [MESSAGE][WARNING] - Timeout '0' is invalid. Using default page load timeout: '30'

2018-02-09 15:38:14 - [MESSAGE][PASSED] - Tapped on element 'Object Repository/HOME_PAGE/gotoNavbar'

2018-02-09 15:38:14 - [TEST_STEP][PASSED] - waitForElementPresent: Element 'Object Repository/INSIDE_NAVBAR/navbarLogin' is present

2018-02-09 15:38:14 - [MESSAGE][WARNING] - Timeout '0' is invalid. Using default page load timeout: '30'

2018-02-09 15:38:15 - [MESSAGE][PASSED] - Element 'Object Repository/INSIDE_NAVBAR/navbarLogin' is present

2018-02-09 15:38:15 - [TEST_STEP][PASSED] - delay: Delayed 2 second(s)

2018-02-09 15:38:17 - [MESSAGE][PASSED] - Delayed 2 second(s)

2018-02-09 15:38:17 - [TEST_STEP][PASSED] - closeApplication: Close app successfully

2018-02-09 15:38:19 - [MESSAGE][PASSED] - Close app successfully]]></system-out>
         <system-err><![CDATA[]]></system-err>
      </testcase>
      <testcase name="Test Cases/Home/HomeMain03" classname="Test Cases/Home/HomeMain03" status="PASSED">
         <system-out><![CDATA[2018-02-09 15:38:19 - [TEST_CASE][PASSED] - Test Cases/Home/HomeMain03: Test Cases/Home/HomeMain03

2018-02-09 15:38:19 - [TEST_STEP][PASSED] - startApplication: Started app at: 'C:\Users\iDolphinz\git\Riderr-Test\Andriod\APK\riderr.apk'

2018-02-09 15:38:40 - [MESSAGE][PASSED] - Started app at: 'C:\Users\iDolphinz\git\Riderr-Test\Andriod\APK\riderr.apk'

2018-02-09 15:38:40 - [TEST_STEP][PASSED] - waitForElementPresent: Element 'Object Repository/HOME_PAGE/gotoNavbar' is present

2018-02-09 15:38:40 - [MESSAGE][WARNING] - Timeout '0' is invalid. Using default page load timeout: '30'

2018-02-09 15:38:43 - [MESSAGE][PASSED] - Element 'Object Repository/HOME_PAGE/gotoNavbar' is present

2018-02-09 15:38:43 - [TEST_STEP][PASSED] - tap: Tapped on element 'Object Repository/HOME_PAGE/gotoNavbar'

2018-02-09 15:38:43 - [MESSAGE][WARNING] - Timeout '0' is invalid. Using default page load timeout: '30'

2018-02-09 15:38:44 - [MESSAGE][PASSED] - Tapped on element 'Object Repository/HOME_PAGE/gotoNavbar'

2018-02-09 15:38:44 - [TEST_STEP][PASSED] - waitForElementPresent: Element 'Object Repository/INSIDE_NAVBAR/navbarEvent' is present

2018-02-09 15:38:44 - [MESSAGE][WARNING] - Timeout '0' is invalid. Using default page load timeout: '30'

2018-02-09 15:38:45 - [MESSAGE][PASSED] - Element 'Object Repository/INSIDE_NAVBAR/navbarEvent' is present

2018-02-09 15:38:45 - [TEST_STEP][PASSED] - tap: Tapped on element 'Object Repository/INSIDE_NAVBAR/navbarEvent'

2018-02-09 15:38:45 - [MESSAGE][WARNING] - Timeout '0' is invalid. Using default page load timeout: '30'

2018-02-09 15:38:45 - [MESSAGE][PASSED] - Tapped on element 'Object Repository/INSIDE_NAVBAR/navbarEvent'

2018-02-09 15:38:45 - [TEST_STEP][PASSED] - waitForElementPresent: Element 'Object Repository/EVENT_PAGE/gotoNavbar' is present

2018-02-09 15:38:45 - [MESSAGE][WARNING] - Timeout '0' is invalid. Using default page load timeout: '30'

2018-02-09 15:38:46 - [MESSAGE][PASSED] - Element 'Object Repository/EVENT_PAGE/gotoNavbar' is present

2018-02-09 15:38:46 - [TEST_STEP][PASSED] - tap: Tapped on element 'Object Repository/EVENT_PAGE/gotoNavbar'

2018-02-09 15:38:46 - [MESSAGE][WARNING] - Timeout '0' is invalid. Using default page load timeout: '30'

2018-02-09 15:38:47 - [MESSAGE][PASSED] - Tapped on element 'Object Repository/EVENT_PAGE/gotoNavbar'

2018-02-09 15:38:47 - [TEST_STEP][PASSED] - waitForElementPresent: Element 'Object Repository/INSIDE_NAVBAR/navbarLogin' is present

2018-02-09 15:38:47 - [MESSAGE][WARNING] - Timeout '0' is invalid. Using default page load timeout: '30'

2018-02-09 15:38:49 - [MESSAGE][PASSED] - Element 'Object Repository/INSIDE_NAVBAR/navbarLogin' is present

2018-02-09 15:38:49 - [TEST_STEP][PASSED] - tap: Tapped on element 'Object Repository/INSIDE_NAVBAR/navbarLogin'

2018-02-09 15:38:49 - [MESSAGE][WARNING] - Timeout '0' is invalid. Using default page load timeout: '30'

2018-02-09 15:38:49 - [MESSAGE][PASSED] - Tapped on element 'Object Repository/INSIDE_NAVBAR/navbarLogin'

2018-02-09 15:38:49 - [TEST_STEP][PASSED] - waitForElementPresent: Element 'Object Repository/LOGINPAGE/edt/edt Email Address' is present

2018-02-09 15:38:49 - [MESSAGE][WARNING] - Timeout '0' is invalid. Using default page load timeout: '30'

2018-02-09 15:38:50 - [MESSAGE][PASSED] - Element 'Object Repository/LOGINPAGE/edt/edt Email Address' is present

2018-02-09 15:38:50 - [TEST_STEP][PASSED] - setText: Text 'psgolf11@gmail.com' has been set to element 'Object Repository/LOGINPAGE/edt/edt Email Address'

2018-02-09 15:38:50 - [MESSAGE][WARNING] - Timeout '0' is invalid. Using default page load timeout: '30'

2018-02-09 15:38:59 - [MESSAGE][PASSED] - Text 'psgolf11@gmail.com' has been set to element 'Object Repository/LOGINPAGE/edt/edt Email Address'

2018-02-09 15:38:59 - [TEST_STEP][PASSED] - waitForElementPresent: Element 'Object Repository/LOGINPAGE/edt/edt Password' is present

2018-02-09 15:38:59 - [MESSAGE][WARNING] - Timeout '0' is invalid. Using default page load timeout: '30'

2018-02-09 15:38:59 - [MESSAGE][PASSED] - Element 'Object Repository/LOGINPAGE/edt/edt Password' is present

2018-02-09 15:38:59 - [TEST_STEP][PASSED] - setText: Text '123123' has been set to element 'Object Repository/LOGINPAGE/edt/edt Password'

2018-02-09 15:38:59 - [MESSAGE][WARNING] - Timeout '0' is invalid. Using default page load timeout: '30'

2018-02-09 15:39:06 - [MESSAGE][PASSED] - Text '123123' has been set to element 'Object Repository/LOGINPAGE/edt/edt Password'

2018-02-09 15:39:06 - [TEST_STEP][PASSED] - waitForElementPresent: Element 'Object Repository/LOGINPAGE/btn/btn Log In' is present

2018-02-09 15:39:06 - [MESSAGE][WARNING] - Timeout '0' is invalid. Using default page load timeout: '30'

2018-02-09 15:39:07 - [MESSAGE][PASSED] - Element 'Object Repository/LOGINPAGE/btn/btn Log In' is present

2018-02-09 15:39:07 - [TEST_STEP][PASSED] - tap: Tapped on element 'Object Repository/LOGINPAGE/btn/btn Log In'

2018-02-09 15:39:07 - [MESSAGE][WARNING] - Timeout '0' is invalid. Using default page load timeout: '30'

2018-02-09 15:39:07 - [MESSAGE][PASSED] - Tapped on element 'Object Repository/LOGINPAGE/btn/btn Log In'

2018-02-09 15:39:07 - [TEST_STEP][PASSED] - scrollToText: Scrolling to text 'Home' successfully

2018-02-09 15:39:09 - [MESSAGE][PASSED] - Scrolling to text 'Home' successfully

2018-02-09 15:39:10 - [TEST_STEP][PASSED] - waitForElementPresent: Element 'Object Repository/HOME_PAGE/gotoNavbar' is present

2018-02-09 15:39:10 - [MESSAGE][WARNING] - Timeout '0' is invalid. Using default page load timeout: '30'

2018-02-09 15:39:10 - [MESSAGE][PASSED] - Element 'Object Repository/HOME_PAGE/gotoNavbar' is present

2018-02-09 15:39:10 - [TEST_STEP][PASSED] - delay: Delayed 2 second(s)

2018-02-09 15:39:12 - [MESSAGE][PASSED] - Delayed 2 second(s)

2018-02-09 15:39:12 - [TEST_STEP][PASSED] - closeApplication: Close app successfully

2018-02-09 15:39:15 - [MESSAGE][PASSED] - Close app successfully]]></system-out>
         <system-err><![CDATA[]]></system-err>
      </testcase>
      <system-out><![CDATA[2018-02-09 15:36:23 - [TEST_SUITE][PASSED] - TS_Home: Test Cases/Home/HomeMain03]]></system-out>
      <system-err><![CDATA[]]></system-err>
   </testsuite>
</testsuites>
